#
# A fatal error has been detected by the Java Runtime Environment:
#
#  EXCEPTION_ACCESS_VIOLATION (0xc0000005) at pc=0x00007ffc229d6b07, pid=37704, tid=1848
#
# JRE version: Java(TM) SE Runtime Environment (17.0.10+11) (build 17.0.10+11-LTS-240)
# Java VM: Java HotSpot(TM) 64-Bit Server VM (17.0.10+11-LTS-240, mixed mode, sharing, tiered, compressed oops, compressed class ptrs, g1 gc, windows-amd64)
# Problematic frame:
# C  [glass.dll+0x26b07]
#
# No core dump will be written. Minidumps are not enabled by default on client versions of Windows
#
# If you would like to submit a bug report, please visit:
#   https://bugreport.java.com/bugreport/crash.jsp
#

---------------  S U M M A R Y ------------

Command Line: -javaagent:C:\Program Files\JetBrains\IntelliJ IDEA 2024.1\lib\idea_rt.jar=9351:C:\Program Files\JetBrains\IntelliJ IDEA 2024.1\bin -Dfile.encoding=UTF-8 --module-path=C:\Users\Classic\.m2\repository\org\openjfx\javafx-graphics\17.0.6\javafx-graphics-17.0.6-win.jar;C:\Users\Classic\.m2\repository\org\openjfx\javafx-fxml\17.0.6\javafx-fxml-17.0.6-win.jar;C:\Users\Classic\.m2\repository\org\openjfx\javafx-base\17.0.6\javafx-base-17.0.6-win.jar;C:\Users\Classic\.m2\repository\org\openjfx\javafx-media\17.0.2\javafx-media-17.0.2-win.jar;C:\Users\Classic\IntelliJProjects\AP-P-Client\target\classes;C:\Users\Classic\.m2\repository\org\openjfx\javafx-media\17.0.2\javafx-media-17.0.2.jar;C:\Users\Classic\.m2\repository\org\openjfx\javafx-controls\17.0.6\javafx-controls-17.0.6-win.jar;C:\Users\Classic\.m2\repository\com\google\code\gson\gson\2.8.8\gson-2.8.8.jar -Djdk.module.main=org.example.appclient org.example.appclient/org.example.appclient.LinkedInApp

Host: Intel(R) Core(TM) i7-10750H CPU @ 2.60GHz, 12 cores, 15G,  Windows 10 , 64 bit Build 19041 (10.0.19041.3636)
Time: Sat Jun 29 12:29:09 2024 Iran Standard Time elapsed time: 38.427738 seconds (0d 0h 0m 38s)

---------------  T H R E A D  ---------------

Current thread (0x0000028321826ab0):  VMThread "VM Thread" [stack: 0x000000a54d700000,0x000000a54d800000] [id=1848]

Stack: [0x000000a54d700000,0x000000a54d800000],  sp=0x000000a54d7ff420,  free space=1021k
Native frames: (J=compiled Java code, j=interpreted, Vv=VM code, C=native code)
C  [glass.dll+0x26b07]


siginfo: EXCEPTION_ACCESS_VIOLATION (0xc0000005), reading address 0x0000000000000000


Registers:
RAX=0x0000000000000000, RBX=0x0000028321831d98, RCX=0x0000028321826ab0, RDX=0x000000a54d7ff420
RSP=0x000000a54d7ff420, RBP=0x00000283674ff6e8, RSI=0x00000283674ff6c0, RDI=0x00002a2d5a0146e3
R8 =0x0000000000010002, R9 =0x00002a2d5a0146e3, R10=0x0000000000008000, R11=0x000000a54d7ff3b0
R12=0x00007ffc229d43d4, R13=0x00007ffc06942230, R14=0x000000a54d7ff518, R15=0x00000283674ff6c0
RIP=0x00007ffc229d6b07, EFLAGS=0x0000000000010206


Register to memory mapping:

RIP=0x00007ffc229d6b07 glass.dll
RAX=0x0 is NULL
RBX=0x0000028321831d98 is a global jni handle
RCX=0x0000028321826ab0 points into unknown readable memory: 0x00007ffc06786fa8 | a8 6f 78 06 fc 7f 00 00
RDX=0x000000a54d7ff420 points into unknown readable memory: 0x0000000000000000 | 00 00 00 00 00 00 00 00
RSP=0x000000a54d7ff420 points into unknown readable memory: 0x0000000000000000 | 00 00 00 00 00 00 00 00
RBP=0x00000283674ff6e8 points into unknown readable memory: 0x00002a2d5a0146e3 | e3 46 01 5a 2d 2a 00 00
RSI=0x00000283674ff6c0 points into unknown readable memory: 0x14e9dd4d5a02b902 | 02 b9 02 5a 4d dd e9 14
RDI=0x00002a2d5a0146e3 is an unknown value
R8 =0x0000000000010002 is an unknown value
R9 =0x00002a2d5a0146e3 is an unknown value
R10=0x0000000000008000 is an unknown value
R11=0x000000a54d7ff3b0 points into unknown readable memory: 0x00000283674ff6c0 | c0 f6 4f 67 83 02 00 00
R12=0x00007ffc229d43d4 glass.dll
R13=0x00007ffc06942230 jvm.dll
R14=0x000000a54d7ff518 points into unknown readable memory: 0x000000a54d7ff500 | 00 f5 7f 4d a5 00 00 00
R15=0x00000283674ff6c0 points into unknown readable memory: 0x14e9dd4d5a02b902 | 02 b9 02 5a 4d dd e9 14


Top of Stack: (sp=0x000000a54d7ff420)
0x000000a54d7ff420:   0000000000000000 00000283674ff6c0
0x000000a54d7ff430:   00007ffc06942230 00007ffc229d43d4
0x000000a54d7ff440:   00000283674ff6c8 00007ffc48d642d6
0x000000a54d7ff450:   00002a2d5a0146e3 0000028300000000
0x000000a54d7ff460:   00000283674ff6e8 00000283674ff6c0
0x000000a54d7ff470:   fffffffffffffffe 0000000000000000
0x000000a54d7ff480:   0000000000000001 00007ffc229b0000
0x000000a54d7ff490:   000000a54d7ff508 00007ffc48d641fb
0x000000a54d7ff4a0:   0000000000000000 000000a54d7ff518
0x000000a54d7ff4b0:   000000a54d7ff7f0 00007ffc48e40e40
0x000000a54d7ff4c0:   0000000000000001 00007ffc48d641b4
0x000000a54d7ff4d0:   0000000000000000 0000000000000001
0x000000a54d7ff4e0:   0000000000000001 000000a54d7ff508
0x000000a54d7ff4f0:   0000000000000000 00007ffc229d4261
0x000000a54d7ff500:   00007ffc229ea138 00007ffc00000002
0x000000a54d7ff510:   0000000000000002 000000a54d7ff500 

Instructions: (pc=0x00007ffc229d6b07)
0x00007ffc229d6a07:   8b 4d 58 e8 01 cf ff ff 48 8b 4d 60 e8 f8 ce ff
0x00007ffc229d6a17:   ff 48 8b 95 80 00 00 00 48 8b 8d 18 01 00 00 e8
0x00007ffc229d6a27:   c6 c3 ff ff 33 d2 33 c9 e8 3c e1 ff ff 90 48 89
0x00007ffc229d6a37:   54 24 10 55 48 83 ec 20 48 8b ea 48 b8 00 00 00
0x00007ffc229d6a47:   00 00 00 00 00 48 83 c4 20 5d c3 cc 40 55 48 8b
0x00007ffc229d6a57:   ea 48 8b 01 33 c9 81 38 05 00 00 c0 0f 94 c1 8b
0x00007ffc229d6a67:   c1 5d c3 cc 40 55 48 83 ec 20 48 8b ea 8a 4d 40
0x00007ffc229d6a77:   48 83 c4 20 5d e9 f7 d2 ff ff cc 40 55 48 83 ec
0x00007ffc229d6a87:   20 48 8b ea 8a 4d 20 e8 e5 d2 ff ff 90 48 83 c4
0x00007ffc229d6a97:   20 5d c3 cc 40 55 48 83 ec 20 48 8b ea 48 83 c4
0x00007ffc229d6aa7:   20 5d e9 46 d1 ff ff cc 40 55 48 83 ec 30 48 8b
0x00007ffc229d6ab7:   ea 48 8b 01 8b 10 48 89 4c 24 28 89 54 24 20 4c
0x00007ffc229d6ac7:   8d 0d e7 d5 ff ff 4c 8b 45 70 8b 55 68 48 8b 4d
0x00007ffc229d6ad7:   60 e8 87 d0 ff ff 90 48 83 c4 30 5d c3 cc cc cc
0x00007ffc229d6ae7:   cc cc cc cc cc cc cc cc cc 40 53 48 83 ec 20 48
0x00007ffc229d6af7:   8b 1d 33 30 01 00 48 85 db 74 16 e8 09 8b ff ff
0x00007ffc229d6b07:   4c 8b 00 48 8b d3 48 8b c8 41 ff 90 b0 00 00 00
0x00007ffc229d6b17:   90 48 83 c4 20 5b c3 cc cc 40 53 48 83 ec 20 48
0x00007ffc229d6b27:   8b 1d ab 31 01 00 48 85 db 74 57 b8 ff ff ff ff
0x00007ffc229d6b37:   f0 0f c1 43 10 83 f8 01 75 3d 48 85 db 74 38 48
0x00007ffc229d6b47:   8b 0b 48 85 c9 74 0d ff 15 54 07 00 00 48 c7 03
0x00007ffc229d6b57:   00 00 00 00 48 8b 4b 08 48 85 c9 74 0d e8 a7 cd
0x00007ffc229d6b67:   ff ff 48 c7 43 08 00 00 00 00 ba 18 00 00 00 48
0x00007ffc229d6b77:   8b cb e8 92 cd ff ff 48 c7 05 4f 31 01 00 00 00
0x00007ffc229d6b87:   00 00 48 83 c4 20 5b c3 cc 40 53 48 83 ec 20 48
0x00007ffc229d6b97:   8b 1d 1b 31 01 00 48 85 db 74 57 b8 ff ff ff ff
0x00007ffc229d6ba7:   f0 0f c1 43 10 83 f8 01 75 3d 48 85 db 74 38 48
0x00007ffc229d6bb7:   8b 0b 48 85 c9 74 0d ff 15 e4 06 00 00 48 c7 03
0x00007ffc229d6bc7:   00 00 00 00 48 8b 4b 08 48 85 c9 74 0d e8 37 cd
0x00007ffc229d6bd7:   ff ff 48 c7 43 08 00 00 00 00 ba 18 00 00 00 48
0x00007ffc229d6be7:   8b cb e8 22 cd ff ff 48 c7 05 bf 30 01 00 00 00
0x00007ffc229d6bf7:   00 00 48 83 c4 20 5b c3 cc 40 53 48 83 ec 20 48 


Stack slot to memory mapping:
stack at sp + 0 slots: 0x0 is NULL
stack at sp + 1 slots: 0x00000283674ff6c0 points into unknown readable memory: 0x14e9dd4d5a02b902 | 02 b9 02 5a 4d dd e9 14
stack at sp + 2 slots: 0x00007ffc06942230 jvm.dll
stack at sp + 3 slots: 0x00007ffc229d43d4 glass.dll
stack at sp + 4 slots: 0x00000283674ff6c8 points into unknown readable memory: 0x00002a2d5a0146e3 | e3 46 01 5a 2d 2a 00 00
stack at sp + 5 slots: 0x00007ffc48d642d6 ucrtbase.dll
stack at sp + 6 slots: 0x00002a2d5a0146e3 is an unknown value
stack at sp + 7 slots: 0x0000028300000000 points into unknown readable memory: 0x00010000cafedada | da da fe ca 00 00 01 00

VM_Operation (0x000000a54e3ff050): Exit, mode: safepoint, requested by thread 0x000002836c180040


---------------  P R O C E S S  ---------------

Threads class SMR info:
_java_thread_list=0x000002836c7c2820, length=23, elements={
0x000002837e5e2230, 0x000002832182b5c0, 0x000002832182c240, 0x0000028321840f70,
0x0000028321841e90, 0x0000028321843cf0, 0x0000028321968090, 0x000002832184c230,
0x00000283218432d0, 0x0000028321844200, 0x00000283218437e0, 0x0000028321844710,
0x0000028321841980, 0x0000028321844c20, 0x0000028321845130, 0x000002836c17c890,
0x000002836c17f110, 0x000002836c17fb30, 0x000002836c179b00, 0x000002836c17af40,
0x000002836c17ec00, 0x000002836c17d2b0, 0x000002836c180040
}

Java Threads: ( => current thread )
  0x000002837e5e2230 JavaThread "main" [_thread_blocked, id=39432, stack(0x000000a54d100000,0x000000a54d200000)]
  0x000002832182b5c0 JavaThread "Reference Handler" daemon [_thread_blocked, id=41788, stack(0x000000a54d800000,0x000000a54d900000)]
  0x000002832182c240 JavaThread "Finalizer" daemon [_thread_blocked, id=8420, stack(0x000000a54d900000,0x000000a54da00000)]
  0x0000028321840f70 JavaThread "Attach Listener" daemon [_thread_blocked, id=21024, stack(0x000000a54db00000,0x000000a54dc00000)]
  0x0000028321841e90 JavaThread "Service Thread" daemon [_thread_blocked, id=10468, stack(0x000000a54dc00000,0x000000a54dd00000)]
  0x0000028321843cf0 JavaThread "Monitor Deflation Thread" daemon [_thread_blocked, id=34264, stack(0x000000a54dd00000,0x000000a54de00000)]
  0x0000028321968090 JavaThread "C2 CompilerThread0" daemon [_thread_blocked, id=35944, stack(0x000000a54de00000,0x000000a54df00000)]
  0x000002832184c230 JavaThread "C1 CompilerThread0" daemon [_thread_blocked, id=30980, stack(0x000000a54df00000,0x000000a54e000000)]
  0x00000283218432d0 JavaThread "Sweeper thread" daemon [_thread_blocked, id=26468, stack(0x000000a54e000000,0x000000a54e100000)]
  0x0000028321844200 JavaThread "Common-Cleaner" daemon [_thread_blocked, id=28572, stack(0x000000a54e100000,0x000000a54e200000)]
  0x00000283218437e0 JavaThread "Monitor Ctrl-Break" daemon [_thread_in_native, id=32928, stack(0x000000a54e400000,0x000000a54e500000)]
  0x0000028321844710 JavaThread "Notification Thread" daemon [_thread_blocked, id=29100, stack(0x000000a54e500000,0x000000a54e600000)]
  0x0000028321841980 JavaThread "QuantumRenderer-0" daemon [_thread_blocked, id=41324, stack(0x000000a54e700000,0x000000a54e800000)]
  0x0000028321844c20 JavaThread "InvokeLaterDispatcher" daemon [_thread_blocked, id=41572, stack(0x000000a54e200000,0x000000a54e300000)]
  0x0000028321845130 JavaThread "JavaFX Application Thread" [_thread_in_native, id=11516, stack(0x000000a54e800000,0x000000a54e900000)]
  0x000002836c17c890 JavaThread "JavaFX-Launcher" [_thread_blocked, id=29632, stack(0x000000a54ec00000,0x000000a54ed00000)]
  0x000002836c17f110 JavaThread "Thread-2" daemon [_thread_in_native, id=40592, stack(0x000000a54eb00000,0x000000a54ec00000)]
  0x000002836c17fb30 JavaThread "Prism Font Disposer" daemon [_thread_blocked, id=11588, stack(0x000000a54f900000,0x000000a54fa00000)]
  0x000002836c179b00 JavaThread "Cleaner-0" daemon [_thread_blocked, id=38112, stack(0x000000a54fb00000,0x000000a54fc00000)]
  0x000002836c17af40 JavaThread "JFXMedia Player EventQueueThread" daemon [_thread_blocked, id=29560, stack(0x000000a550200000,0x000000a550300000)]
  0x000002836c17ec00 JavaThread "Media Resource Disposer" daemon [_thread_blocked, id=41456, stack(0x000000a551500000,0x000000a551600000)]
  0x000002836c17d2b0 JavaThread "Timer-0" daemon [_thread_blocked, id=26352, stack(0x000000a551700000,0x000000a551800000)]
  0x000002836c180040 JavaThread "SIGINT handler" daemon [_thread_blocked, id=38888, stack(0x000000a54e300000,0x000000a54e400000)]

Other Threads:
=>0x0000028321826ab0 VMThread "VM Thread" [stack: 0x000000a54d700000,0x000000a54d800000] [id=1848]
  0x000002837e64c4a0 GCTaskThread "GC Thread#0" [stack: 0x000000a54d200000,0x000000a54d300000] [id=29176]
  0x000002836c137140 GCTaskThread "GC Thread#1" [stack: 0x000000a54ed00000,0x000000a54ee00000] [id=37056]
  0x000002836750b250 GCTaskThread "GC Thread#2" [stack: 0x000000a54ee00000,0x000000a54ef00000] [id=9240]
  0x000002836750b510 GCTaskThread "GC Thread#3" [stack: 0x000000a54ef00000,0x000000a54f000000] [id=23592]
  0x000002836750b7d0 GCTaskThread "GC Thread#4" [stack: 0x000000a54f000000,0x000000a54f100000] [id=38676]
  0x000002836c1cc8d0 GCTaskThread "GC Thread#5" [stack: 0x000000a54f100000,0x000000a54f200000] [id=13988]
  0x000002836c200560 GCTaskThread "GC Thread#6" [stack: 0x000000a54f200000,0x000000a54f300000] [id=3784]
  0x000002836c200a30 GCTaskThread "GC Thread#7" [stack: 0x000000a54f300000,0x000000a54f400000] [id=10348]
  0x000002836c204d00 GCTaskThread "GC Thread#8" [stack: 0x000000a54f400000,0x000000a54f500000] [id=7020]
  0x000002836c4cc460 GCTaskThread "GC Thread#9" [stack: 0x000000a54fa00000,0x000000a54fb00000] [id=35316]
  0x000002837c59df40 ConcurrentGCThread "G1 Main Marker" terminated
  0x000002837c59e850 ConcurrentGCThread "G1 Conc#0" [stack: 0x000000a54d400000,0x000000a54d500000] [id=39768]
  0x0000028321a903d0 ConcurrentGCThread "G1 Conc#1" [stack: 0x000000a54fe00000,0x000000a54ff00000] [id=34372]
  0x000002836ca6f370 ConcurrentGCThread "G1 Conc#2" [stack: 0x000000a54ff00000,0x000000a550000000] [id=41916]
  0x00000283216e40f0 ConcurrentGCThread "G1 Refine#0" terminated
  0x00000283216e4a20 ConcurrentGCThread "G1 Service" terminated

Threads with active compile tasks:

VM state: at safepoint (shutting down)

VM Mutex/Monitor currently owned by a thread:  ([mutex/lock_event])
[0x000002837e5dcd90] Threads_lock - owner thread: 0x0000028321826ab0
[0x000002837e5dd8d0] Heap_lock - owner thread: 0x000002836c180040

Heap address: 0x0000000702000000, size: 4064 MB, Compressed Oops mode: Zero based, Oop shift amount: 3

CDS archive(s) mapped at: [0x0000028322000000-0x0000028322bd0000-0x0000028322bd0000), size 12386304, SharedBaseAddress: 0x0000028322000000, ArchiveRelocationMode: 1.
Compressed class space mapped at: 0x0000028323000000-0x0000028363000000, reserved size: 1073741824
Narrow klass base: 0x0000028322000000, Narrow klass shift: 0, Narrow klass range: 0x100000000

GC Precious Log:
 CPUs: 12 total, 12 available
 Memory: 16251M
 Large Page Support: Disabled
 NUMA Support: Disabled
 Compressed Oops: Enabled (Zero based)
 Heap Region Size: 2M
 Heap Min Capacity: 8M
 Heap Initial Capacity: 254M
 Heap Max Capacity: 4064M
 Pre-touch: Disabled
 Parallel Workers: 10
 Concurrent Workers: 3
 Concurrent Refinement Workers: 10
 Periodic GC: Disabled

Heap:
 garbage-first heap   total 495616K, used 319281K [0x0000000702000000, 0x0000000800000000)
  region size 2048K, 19 young (38912K), 6 survivors (12288K)
 Metaspace       used 20779K, committed 21056K, reserved 1114112K
  class space    used 2850K, committed 3008K, reserved 1048576K

Heap Regions: E=young(eden), S=young(survivor), O=old, HS=humongous(starts), HC=humongous(continues), CS=collection set, F=free, OA=open archive, CA=closed archive, TAMS=top-at-mark-start (previous, next)
|   0|0x0000000702000000, 0x0000000702200000, 0x0000000702200000|100%| O|  |TAMS 0x0000000702200000, 0x0000000702000000| Untracked 
|   1|0x0000000702200000, 0x00000007023c8400, 0x0000000702400000| 89%| O|  |TAMS 0x00000007023c8400, 0x0000000702200000| Untracked 
|   2|0x0000000702400000, 0x0000000702600000, 0x0000000702600000|100%|HS|  |TAMS 0x0000000702600000, 0x0000000702400000| Complete 
|   3|0x0000000702600000, 0x0000000702800000, 0x0000000702800000|100%|HS|  |TAMS 0x0000000702800000, 0x0000000702600000| Complete 
|   4|0x0000000702800000, 0x0000000702a00000, 0x0000000702a00000|100%|HC|  |TAMS 0x0000000702a00000, 0x0000000702800000| Complete 
|   5|0x0000000702a00000, 0x0000000702c00000, 0x0000000702c00000|100%|HC|  |TAMS 0x0000000702c00000, 0x0000000702a00000| Complete 
|   6|0x0000000702c00000, 0x0000000702e00000, 0x0000000702e00000|100%|HC|  |TAMS 0x0000000702e00000, 0x0000000702c00000| Complete 
|   7|0x0000000702e00000, 0x0000000703000000, 0x0000000703000000|100%|HC|  |TAMS 0x0000000703000000, 0x0000000702e00000| Complete 
|   8|0x0000000703000000, 0x0000000703200000, 0x0000000703200000|100%|HC|  |TAMS 0x0000000703200000, 0x0000000703000000| Complete 
|   9|0x0000000703200000, 0x0000000703400000, 0x0000000703400000|100%|HC|  |TAMS 0x0000000703400000, 0x0000000703200000| Complete 
|  10|0x0000000703400000, 0x0000000703600000, 0x0000000703600000|100%|HC|  |TAMS 0x0000000703600000, 0x0000000703400000| Complete 
|  11|0x0000000703600000, 0x0000000703800000, 0x0000000703800000|100%|HC|  |TAMS 0x0000000703800000, 0x0000000703600000| Complete 
|  12|0x0000000703800000, 0x0000000703a00000, 0x0000000703a00000|100%|HC|  |TAMS 0x0000000703a00000, 0x0000000703800000| Complete 
|  13|0x0000000703a00000, 0x0000000703c00000, 0x0000000703c00000|100%|HC|  |TAMS 0x0000000703c00000, 0x0000000703a00000| Complete 
|  14|0x0000000703c00000, 0x0000000703e00000, 0x0000000703e00000|100%|HC|  |TAMS 0x0000000703e00000, 0x0000000703c00000| Complete 
|  15|0x0000000703e00000, 0x0000000704000000, 0x0000000704000000|100%|HC|  |TAMS 0x0000000704000000, 0x0000000703e00000| Complete 
|  16|0x0000000704000000, 0x0000000704200000, 0x0000000704200000|100%|HC|  |TAMS 0x0000000704200000, 0x0000000704000000| Complete 
|  17|0x0000000704200000, 0x0000000704400000, 0x0000000704400000|100%|HC|  |TAMS 0x0000000704400000, 0x0000000704200000| Complete 
|  18|0x0000000704400000, 0x0000000704600000, 0x0000000704600000|100%|HC|  |TAMS 0x0000000704600000, 0x0000000704400000| Complete 
|  19|0x0000000704600000, 0x0000000704800000, 0x0000000704800000|100%|HC|  |TAMS 0x0000000704800000, 0x0000000704600000| Complete 
|  20|0x0000000704800000, 0x0000000704a00000, 0x0000000704a00000|100%|HC|  |TAMS 0x0000000704a00000, 0x0000000704800000| Complete 
|  21|0x0000000704a00000, 0x0000000704c00000, 0x0000000704c00000|100%|HS|  |TAMS 0x0000000704c00000, 0x0000000704a00000| Complete 
|  22|0x0000000704c00000, 0x0000000704e00000, 0x0000000704e00000|100%|HC|  |TAMS 0x0000000704e00000, 0x0000000704c00000| Complete 
|  23|0x0000000704e00000, 0x0000000705000000, 0x0000000705000000|100%|HC|  |TAMS 0x0000000705000000, 0x0000000704e00000| Complete 
|  24|0x0000000705000000, 0x0000000705200000, 0x0000000705200000|100%|HC|  |TAMS 0x0000000705200000, 0x0000000705000000| Complete 
|  25|0x0000000705200000, 0x0000000705400000, 0x0000000705400000|100%|HC|  |TAMS 0x0000000705400000, 0x0000000705200000| Complete 
|  26|0x0000000705400000, 0x0000000705600000, 0x0000000705600000|100%|HC|  |TAMS 0x0000000705600000, 0x0000000705400000| Complete 
|  27|0x0000000705600000, 0x0000000705800000, 0x0000000705800000|100%|HC|  |TAMS 0x0000000705800000, 0x0000000705600000| Complete 
|  28|0x0000000705800000, 0x0000000705a00000, 0x0000000705a00000|100%|HC|  |TAMS 0x0000000705a00000, 0x0000000705800000| Complete 
|  29|0x0000000705a00000, 0x0000000705c00000, 0x0000000705c00000|100%|HS|  |TAMS 0x0000000705c00000, 0x0000000705a00000| Complete 
|  30|0x0000000705c00000, 0x0000000705e00000, 0x0000000705e00000|100%|HC|  |TAMS 0x0000000705e00000, 0x0000000705c00000| Complete 
|  31|0x0000000705e00000, 0x0000000706000000, 0x0000000706000000|100%|HC|  |TAMS 0x0000000706000000, 0x0000000705e00000| Complete 
|  32|0x0000000706000000, 0x0000000706200000, 0x0000000706200000|100%|HC|  |TAMS 0x0000000706200000, 0x0000000706000000| Complete 
|  33|0x0000000706200000, 0x0000000706400000, 0x0000000706400000|100%|HC|  |TAMS 0x0000000706400000, 0x0000000706200000| Complete 
|  34|0x0000000706400000, 0x0000000706600000, 0x0000000706600000|100%|HC|  |TAMS 0x0000000706600000, 0x0000000706400000| Complete 
|  35|0x0000000706600000, 0x0000000706800000, 0x0000000706800000|100%|HC|  |TAMS 0x0000000706800000, 0x0000000706600000| Complete 
|  36|0x0000000706800000, 0x0000000706a00000, 0x0000000706a00000|100%|HC|  |TAMS 0x0000000706a00000, 0x0000000706800000| Complete 
|  37|0x0000000706a00000, 0x0000000706c00000, 0x0000000706c00000|100%|HC|  |TAMS 0x0000000706c00000, 0x0000000706a00000| Complete 
|  38|0x0000000706c00000, 0x0000000706e00000, 0x0000000706e00000|100%|HC|  |TAMS 0x0000000706e00000, 0x0000000706c00000| Complete 
|  39|0x0000000706e00000, 0x0000000707000000, 0x0000000707000000|100%|HC|  |TAMS 0x0000000707000000, 0x0000000706e00000| Complete 
|  40|0x0000000707000000, 0x0000000707200000, 0x0000000707200000|100%|HC|  |TAMS 0x0000000707200000, 0x0000000707000000| Complete 
|  41|0x0000000707200000, 0x0000000707400000, 0x0000000707400000|100%|HC|  |TAMS 0x0000000707400000, 0x0000000707200000| Complete 
|  42|0x0000000707400000, 0x0000000707600000, 0x0000000707600000|100%|HC|  |TAMS 0x0000000707600000, 0x0000000707400000| Complete 
|  43|0x0000000707600000, 0x0000000707800000, 0x0000000707800000|100%|HC|  |TAMS 0x0000000707800000, 0x0000000707600000| Complete 
|  44|0x0000000707800000, 0x0000000707a00000, 0x0000000707a00000|100%|HC|  |TAMS 0x0000000707a00000, 0x0000000707800000| Complete 
|  45|0x0000000707a00000, 0x0000000707c00000, 0x0000000707c00000|100%|HC|  |TAMS 0x0000000707c00000, 0x0000000707a00000| Complete 
|  46|0x0000000707c00000, 0x0000000707e00000, 0x0000000707e00000|100%|HC|  |TAMS 0x0000000707e00000, 0x0000000707c00000| Complete 
|  47|0x0000000707e00000, 0x0000000708000000, 0x0000000708000000|100%|HS|  |TAMS 0x0000000708000000, 0x0000000707e00000| Complete 
|  48|0x0000000708000000, 0x0000000708200000, 0x0000000708200000|100%|HC|  |TAMS 0x0000000708200000, 0x0000000708000000| Complete 
|  49|0x0000000708200000, 0x0000000708400000, 0x0000000708400000|100%|HC|  |TAMS 0x0000000708400000, 0x0000000708200000| Complete 
|  50|0x0000000708400000, 0x0000000708600000, 0x0000000708600000|100%|HC|  |TAMS 0x0000000708600000, 0x0000000708400000| Complete 
|  51|0x0000000708600000, 0x0000000708800000, 0x0000000708800000|100%|HC|  |TAMS 0x0000000708800000, 0x0000000708600000| Complete 
|  52|0x0000000708800000, 0x0000000708a00000, 0x0000000708a00000|100%|HC|  |TAMS 0x0000000708a00000, 0x0000000708800000| Complete 
|  53|0x0000000708a00000, 0x0000000708c00000, 0x0000000708c00000|100%|HC|  |TAMS 0x0000000708c00000, 0x0000000708a00000| Complete 
|  54|0x0000000708c00000, 0x0000000708e00000, 0x0000000708e00000|100%|HC|  |TAMS 0x0000000708e00000, 0x0000000708c00000| Complete 
|  55|0x0000000708e00000, 0x0000000709000000, 0x0000000709000000|100%|HC|  |TAMS 0x0000000709000000, 0x0000000708e00000| Complete 
|  56|0x0000000709000000, 0x0000000709200000, 0x0000000709200000|100%|HC|  |TAMS 0x0000000709200000, 0x0000000709000000| Complete 
|  57|0x0000000709200000, 0x0000000709400000, 0x0000000709400000|100%|HC|  |TAMS 0x0000000709400000, 0x0000000709200000| Complete 
|  58|0x0000000709400000, 0x0000000709600000, 0x0000000709600000|100%|HC|  |TAMS 0x0000000709600000, 0x0000000709400000| Complete 
|  59|0x0000000709600000, 0x0000000709800000, 0x0000000709800000|100%|HC|  |TAMS 0x0000000709800000, 0x0000000709600000| Complete 
|  60|0x0000000709800000, 0x0000000709a00000, 0x0000000709a00000|100%|HC|  |TAMS 0x0000000709a00000, 0x0000000709800000| Complete 
|  61|0x0000000709a00000, 0x0000000709c00000, 0x0000000709c00000|100%|HC|  |TAMS 0x0000000709c00000, 0x0000000709a00000| Complete 
|  62|0x0000000709c00000, 0x0000000709e00000, 0x0000000709e00000|100%|HC|  |TAMS 0x0000000709e00000, 0x0000000709c00000| Complete 
|  63|0x0000000709e00000, 0x000000070a000000, 0x000000070a000000|100%|HC|  |TAMS 0x000000070a000000, 0x0000000709e00000| Complete 
|  64|0x000000070a000000, 0x000000070a200000, 0x000000070a200000|100%|HC|  |TAMS 0x000000070a200000, 0x000000070a000000| Complete 
|  65|0x000000070a200000, 0x000000070a400000, 0x000000070a400000|100%|HS|  |TAMS 0x000000070a400000, 0x000000070a200000| Complete 
|  66|0x000000070a400000, 0x000000070a600000, 0x000000070a600000|100%|HC|  |TAMS 0x000000070a600000, 0x000000070a400000| Complete 
|  67|0x000000070a600000, 0x000000070a800000, 0x000000070a800000|100%|HC|  |TAMS 0x000000070a800000, 0x000000070a600000| Complete 
|  68|0x000000070a800000, 0x000000070aa00000, 0x000000070aa00000|100%|HC|  |TAMS 0x000000070aa00000, 0x000000070a800000| Complete 
|  69|0x000000070aa00000, 0x000000070ac00000, 0x000000070ac00000|100%|HC|  |TAMS 0x000000070ac00000, 0x000000070aa00000| Complete 
|  70|0x000000070ac00000, 0x000000070ae00000, 0x000000070ae00000|100%|HC|  |TAMS 0x000000070ae00000, 0x000000070ac00000| Complete 
|  71|0x000000070ae00000, 0x000000070b000000, 0x000000070b000000|100%|HC|  |TAMS 0x000000070b000000, 0x000000070ae00000| Complete 
|  72|0x000000070b000000, 0x000000070b200000, 0x000000070b200000|100%|HC|  |TAMS 0x000000070b200000, 0x000000070b000000| Complete 
|  73|0x000000070b200000, 0x000000070b400000, 0x000000070b400000|100%|HC|  |TAMS 0x000000070b400000, 0x000000070b200000| Complete 
|  74|0x000000070b400000, 0x000000070b600000, 0x000000070b600000|100%|HC|  |TAMS 0x000000070b600000, 0x000000070b400000| Complete 
|  75|0x000000070b600000, 0x000000070b800000, 0x000000070b800000|100%|HC|  |TAMS 0x000000070b800000, 0x000000070b600000| Complete 
|  76|0x000000070b800000, 0x000000070ba00000, 0x000000070ba00000|100%|HC|  |TAMS 0x000000070ba00000, 0x000000070b800000| Complete 
|  77|0x000000070ba00000, 0x000000070bc00000, 0x000000070bc00000|100%|HC|  |TAMS 0x000000070bc00000, 0x000000070ba00000| Complete 
|  78|0x000000070bc00000, 0x000000070be00000, 0x000000070be00000|100%|HC|  |TAMS 0x000000070be00000, 0x000000070bc00000| Complete 
|  79|0x000000070be00000, 0x000000070c000000, 0x000000070c000000|100%|HC|  |TAMS 0x000000070c000000, 0x000000070be00000| Complete 
|  80|0x000000070c000000, 0x000000070c200000, 0x000000070c200000|100%|HC|  |TAMS 0x000000070c200000, 0x000000070c000000| Complete 
|  81|0x000000070c200000, 0x000000070c400000, 0x000000070c400000|100%|HC|  |TAMS 0x000000070c400000, 0x000000070c200000| Complete 
|  82|0x000000070c400000, 0x000000070c600000, 0x000000070c600000|100%|HC|  |TAMS 0x000000070c600000, 0x000000070c400000| Complete 
|  83|0x000000070c600000, 0x000000070c800000, 0x000000070c800000|100%|HS|  |TAMS 0x000000070c800000, 0x000000070c600000| Complete 
|  84|0x000000070c800000, 0x000000070ca00000, 0x000000070ca00000|100%|HC|  |TAMS 0x000000070ca00000, 0x000000070c800000| Complete 
|  85|0x000000070ca00000, 0x000000070cc00000, 0x000000070cc00000|100%|HS|  |TAMS 0x000000070cc00000, 0x000000070ca00000| Complete 
|  86|0x000000070cc00000, 0x000000070ce00000, 0x000000070ce00000|100%|HC|  |TAMS 0x000000070ce00000, 0x000000070cc00000| Complete 
|  87|0x000000070ce00000, 0x000000070d000000, 0x000000070d000000|100%|HC|  |TAMS 0x000000070d000000, 0x000000070ce00000| Complete 
|  88|0x000000070d000000, 0x000000070d200000, 0x000000070d200000|100%|HC|  |TAMS 0x000000070d200000, 0x000000070d000000| Complete 
|  89|0x000000070d200000, 0x000000070d400000, 0x000000070d400000|100%|HC|  |TAMS 0x000000070d400000, 0x000000070d200000| Complete 
|  90|0x000000070d400000, 0x000000070d600000, 0x000000070d600000|100%|HC|  |TAMS 0x000000070d600000, 0x000000070d400000| Complete 
|  91|0x000000070d600000, 0x000000070d800000, 0x000000070d800000|100%|HC|  |TAMS 0x000000070d800000, 0x000000070d600000| Complete 
|  92|0x000000070d800000, 0x000000070da00000, 0x000000070da00000|100%|HC|  |TAMS 0x000000070da00000, 0x000000070d800000| Complete 
|  93|0x000000070da00000, 0x000000070dc00000, 0x000000070dc00000|100%|HC|  |TAMS 0x000000070dc00000, 0x000000070da00000| Complete 
|  94|0x000000070dc00000, 0x000000070de00000, 0x000000070de00000|100%|HC|  |TAMS 0x000000070de00000, 0x000000070dc00000| Complete 
|  95|0x000000070de00000, 0x000000070e000000, 0x000000070e000000|100%|HC|  |TAMS 0x000000070e000000, 0x000000070de00000| Complete 
|  96|0x000000070e000000, 0x000000070e200000, 0x000000070e200000|100%|HC|  |TAMS 0x000000070e200000, 0x000000070e000000| Complete 
|  97|0x000000070e200000, 0x000000070e400000, 0x000000070e400000|100%|HC|  |TAMS 0x000000070e400000, 0x000000070e200000| Complete 
|  98|0x000000070e400000, 0x000000070e600000, 0x000000070e600000|100%|HC|  |TAMS 0x000000070e600000, 0x000000070e400000| Complete 
|  99|0x000000070e600000, 0x000000070e800000, 0x000000070e800000|100%|HC|  |TAMS 0x000000070e800000, 0x000000070e600000| Complete 
| 100|0x000000070e800000, 0x000000070ea00000, 0x000000070ea00000|100%|HC|  |TAMS 0x000000070ea00000, 0x000000070e800000| Complete 
| 101|0x000000070ea00000, 0x000000070ec00000, 0x000000070ec00000|100%|HC|  |TAMS 0x000000070ec00000, 0x000000070ea00000| Complete 
| 102|0x000000070ec00000, 0x000000070ee00000, 0x000000070ee00000|100%|HC|  |TAMS 0x000000070ee00000, 0x000000070ec00000| Complete 
| 103|0x000000070ee00000, 0x000000070f000000, 0x000000070f000000|100%|HS|  |TAMS 0x000000070f000000, 0x000000070ee00000| Complete 
| 104|0x000000070f000000, 0x000000070f200000, 0x000000070f200000|100%|HC|  |TAMS 0x000000070f200000, 0x000000070f000000| Complete 
| 105|0x000000070f200000, 0x000000070f400000, 0x000000070f400000|100%|HC|  |TAMS 0x000000070f400000, 0x000000070f200000| Complete 
| 106|0x000000070f400000, 0x000000070f600000, 0x000000070f600000|100%|HC|  |TAMS 0x000000070f600000, 0x000000070f400000| Complete 
| 107|0x000000070f600000, 0x000000070f800000, 0x000000070f800000|100%|HC|  |TAMS 0x000000070f800000, 0x000000070f600000| Complete 
| 108|0x000000070f800000, 0x000000070fa00000, 0x000000070fa00000|100%|HC|  |TAMS 0x000000070fa00000, 0x000000070f800000| Complete 
| 109|0x000000070fa00000, 0x000000070fc00000, 0x000000070fc00000|100%|HC|  |TAMS 0x000000070fc00000, 0x000000070fa00000| Complete 
| 110|0x000000070fc00000, 0x000000070fe00000, 0x000000070fe00000|100%|HC|  |TAMS 0x000000070fe00000, 0x000000070fc00000| Complete 
| 111|0x000000070fe00000, 0x0000000710000000, 0x0000000710000000|100%|HC|  |TAMS 0x0000000710000000, 0x000000070fe00000| Complete 
| 112|0x0000000710000000, 0x0000000710200000, 0x0000000710200000|100%|HC|  |TAMS 0x0000000710200000, 0x0000000710000000| Complete 
| 113|0x0000000710200000, 0x0000000710400000, 0x0000000710400000|100%|HC|  |TAMS 0x0000000710400000, 0x0000000710200000| Complete 
| 114|0x0000000710400000, 0x0000000710600000, 0x0000000710600000|100%|HC|  |TAMS 0x0000000710600000, 0x0000000710400000| Complete 
| 115|0x0000000710600000, 0x0000000710800000, 0x0000000710800000|100%|HC|  |TAMS 0x0000000710800000, 0x0000000710600000| Complete 
| 116|0x0000000710800000, 0x0000000710a00000, 0x0000000710a00000|100%|HC|  |TAMS 0x0000000710a00000, 0x0000000710800000| Complete 
| 117|0x0000000710a00000, 0x0000000710c00000, 0x0000000710c00000|100%|HC|  |TAMS 0x0000000710c00000, 0x0000000710a00000| Complete 
| 118|0x0000000710c00000, 0x0000000710e00000, 0x0000000710e00000|100%|HC|  |TAMS 0x0000000710e00000, 0x0000000710c00000| Complete 
| 119|0x0000000710e00000, 0x0000000711000000, 0x0000000711000000|100%|HC|  |TAMS 0x0000000711000000, 0x0000000710e00000| Complete 
| 120|0x0000000711000000, 0x0000000711200000, 0x0000000711200000|100%|HC|  |TAMS 0x0000000711200000, 0x0000000711000000| Complete 
| 121|0x0000000711200000, 0x0000000711400000, 0x0000000711400000|100%|HS|  |TAMS 0x0000000711200000, 0x0000000711200000| Complete 
| 122|0x0000000711400000, 0x0000000711600000, 0x0000000711600000|100%|HC|  |TAMS 0x0000000711400000, 0x0000000711400000| Complete 
| 123|0x0000000711600000, 0x0000000711800000, 0x0000000711800000|100%|HC|  |TAMS 0x0000000711600000, 0x0000000711600000| Complete 
| 124|0x0000000711800000, 0x0000000711a00000, 0x0000000711a00000|100%|HC|  |TAMS 0x0000000711800000, 0x0000000711800000| Complete 
| 125|0x0000000711a00000, 0x0000000711c00000, 0x0000000711c00000|100%|HC|  |TAMS 0x0000000711a00000, 0x0000000711a00000| Complete 
| 126|0x0000000711c00000, 0x0000000711e00000, 0x0000000711e00000|100%|HC|  |TAMS 0x0000000711c00000, 0x0000000711c00000| Complete 
| 127|0x0000000711e00000, 0x0000000712000000, 0x0000000712000000|100%|HC|  |TAMS 0x0000000711e00000, 0x0000000711e00000| Complete 
| 128|0x0000000712000000, 0x0000000712200000, 0x0000000712200000|100%|HC|  |TAMS 0x0000000712000000, 0x0000000712000000| Complete 
| 129|0x0000000712200000, 0x0000000712400000, 0x0000000712400000|100%|HC|  |TAMS 0x0000000712200000, 0x0000000712200000| Complete 
| 130|0x0000000712400000, 0x0000000712600000, 0x0000000712600000|100%|HC|  |TAMS 0x0000000712400000, 0x0000000712400000| Complete 
| 131|0x0000000712600000, 0x0000000712800000, 0x0000000712800000|100%|HC|  |TAMS 0x0000000712600000, 0x0000000712600000| Complete 
| 132|0x0000000712800000, 0x0000000712a00000, 0x0000000712a00000|100%|HC|  |TAMS 0x0000000712800000, 0x0000000712800000| Complete 
| 133|0x0000000712a00000, 0x0000000712c00000, 0x0000000712c00000|100%|HC|  |TAMS 0x0000000712a00000, 0x0000000712a00000| Complete 
| 134|0x0000000712c00000, 0x0000000712e00000, 0x0000000712e00000|100%|HC|  |TAMS 0x0000000712c00000, 0x0000000712c00000| Complete 
| 135|0x0000000712e00000, 0x0000000713000000, 0x0000000713000000|100%|HC|  |TAMS 0x0000000712e00000, 0x0000000712e00000| Complete 
| 136|0x0000000713000000, 0x0000000713200000, 0x0000000713200000|100%|HC|  |TAMS 0x0000000713000000, 0x0000000713000000| Complete 
| 137|0x0000000713200000, 0x0000000713400000, 0x0000000713400000|100%|HC|  |TAMS 0x0000000713200000, 0x0000000713200000| Complete 
| 138|0x0000000713400000, 0x0000000713600000, 0x0000000713600000|100%|HC|  |TAMS 0x0000000713400000, 0x0000000713400000| Complete 
| 139|0x0000000713600000, 0x0000000713600000, 0x0000000713800000|  0%| F|  |TAMS 0x0000000713600000, 0x0000000713600000| Untracked 
| 140|0x0000000713800000, 0x0000000713800000, 0x0000000713a00000|  0%| F|  |TAMS 0x0000000713800000, 0x0000000713800000| Untracked 
| 141|0x0000000713a00000, 0x0000000713a00000, 0x0000000713c00000|  0%| F|  |TAMS 0x0000000713a00000, 0x0000000713a00000| Untracked 
| 142|0x0000000713c00000, 0x0000000713c00000, 0x0000000713e00000|  0%| F|  |TAMS 0x0000000713c00000, 0x0000000713c00000| Untracked 
| 143|0x0000000713e00000, 0x0000000713e00000, 0x0000000714000000|  0%| F|  |TAMS 0x0000000713e00000, 0x0000000713e00000| Untracked 
| 144|0x0000000714000000, 0x0000000714000000, 0x0000000714200000|  0%| F|  |TAMS 0x0000000714000000, 0x0000000714000000| Untracked 
| 145|0x0000000714200000, 0x0000000714200000, 0x0000000714400000|  0%| F|  |TAMS 0x0000000714200000, 0x0000000714200000| Untracked 
| 146|0x0000000714400000, 0x0000000714400000, 0x0000000714600000|  0%| F|  |TAMS 0x0000000714400000, 0x0000000714400000| Untracked 
| 147|0x0000000714600000, 0x0000000714600000, 0x0000000714800000|  0%| F|  |TAMS 0x0000000714600000, 0x0000000714600000| Untracked 
| 148|0x0000000714800000, 0x0000000714800000, 0x0000000714a00000|  0%| F|  |TAMS 0x0000000714800000, 0x0000000714800000| Untracked 
| 149|0x0000000714a00000, 0x0000000714a00000, 0x0000000714c00000|  0%| F|  |TAMS 0x0000000714a00000, 0x0000000714a00000| Untracked 
| 150|0x0000000714c00000, 0x0000000714c00000, 0x0000000714e00000|  0%| F|  |TAMS 0x0000000714c00000, 0x0000000714c00000| Untracked 
| 151|0x0000000714e00000, 0x0000000714e00000, 0x0000000715000000|  0%| F|  |TAMS 0x0000000714e00000, 0x0000000714e00000| Untracked 
| 152|0x0000000715000000, 0x0000000715000000, 0x0000000715200000|  0%| F|  |TAMS 0x0000000715000000, 0x0000000715000000| Untracked 
| 153|0x0000000715200000, 0x0000000715200000, 0x0000000715400000|  0%| F|  |TAMS 0x0000000715200000, 0x0000000715200000| Untracked 
| 154|0x0000000715400000, 0x0000000715400000, 0x0000000715600000|  0%| F|  |TAMS 0x0000000715400000, 0x0000000715400000| Untracked 
| 155|0x0000000715600000, 0x0000000715600000, 0x0000000715800000|  0%| F|  |TAMS 0x0000000715600000, 0x0000000715600000| Untracked 
| 156|0x0000000715800000, 0x0000000715800000, 0x0000000715a00000|  0%| F|  |TAMS 0x0000000715800000, 0x0000000715800000| Untracked 
| 157|0x0000000715a00000, 0x0000000715a00000, 0x0000000715c00000|  0%| F|  |TAMS 0x0000000715a00000, 0x0000000715a00000| Untracked 
| 158|0x0000000715c00000, 0x0000000715c00000, 0x0000000715e00000|  0%| F|  |TAMS 0x0000000715c00000, 0x0000000715c00000| Untracked 
| 159|0x0000000715e00000, 0x0000000715e00000, 0x0000000716000000|  0%| F|  |TAMS 0x0000000715e00000, 0x0000000715e00000| Untracked 
| 160|0x0000000716000000, 0x0000000716000000, 0x0000000716200000|  0%| F|  |TAMS 0x0000000716000000, 0x0000000716000000| Untracked 
| 161|0x0000000716200000, 0x0000000716200000, 0x0000000716400000|  0%| F|  |TAMS 0x0000000716200000, 0x0000000716200000| Untracked 
| 162|0x0000000716400000, 0x0000000716400000, 0x0000000716600000|  0%| F|  |TAMS 0x0000000716400000, 0x0000000716400000| Untracked 
| 163|0x0000000716600000, 0x0000000716600000, 0x0000000716800000|  0%| F|  |TAMS 0x0000000716600000, 0x0000000716600000| Untracked 
| 164|0x0000000716800000, 0x0000000716800000, 0x0000000716a00000|  0%| F|  |TAMS 0x0000000716800000, 0x0000000716800000| Untracked 
| 165|0x0000000716a00000, 0x0000000716a00000, 0x0000000716c00000|  0%| F|  |TAMS 0x0000000716a00000, 0x0000000716a00000| Untracked 
| 166|0x0000000716c00000, 0x0000000716c00000, 0x0000000716e00000|  0%| F|  |TAMS 0x0000000716c00000, 0x0000000716c00000| Untracked 
| 167|0x0000000716e00000, 0x0000000716e00000, 0x0000000717000000|  0%| F|  |TAMS 0x0000000716e00000, 0x0000000716e00000| Untracked 
| 168|0x0000000717000000, 0x0000000717000000, 0x0000000717200000|  0%| F|  |TAMS 0x0000000717000000, 0x0000000717000000| Untracked 
| 169|0x0000000717200000, 0x0000000717200000, 0x0000000717400000|  0%| F|  |TAMS 0x0000000717200000, 0x0000000717200000| Untracked 
| 170|0x0000000717400000, 0x0000000717400000, 0x0000000717600000|  0%| F|  |TAMS 0x0000000717400000, 0x0000000717400000| Untracked 
| 171|0x0000000717600000, 0x0000000717600000, 0x0000000717800000|  0%| F|  |TAMS 0x0000000717600000, 0x0000000717600000| Untracked 
| 172|0x0000000717800000, 0x0000000717800000, 0x0000000717a00000|  0%| F|  |TAMS 0x0000000717800000, 0x0000000717800000| Untracked 
| 173|0x0000000717a00000, 0x0000000717a00000, 0x0000000717c00000|  0%| F|  |TAMS 0x0000000717a00000, 0x0000000717a00000| Untracked 
| 174|0x0000000717c00000, 0x0000000717c04010, 0x0000000717e00000|  0%| S|CS|TAMS 0x0000000717c00000, 0x0000000717c00000| Complete 
| 175|0x0000000717e00000, 0x0000000718000000, 0x0000000718000000|100%| S|CS|TAMS 0x0000000717e00000, 0x0000000717e00000| Complete 
| 176|0x0000000718000000, 0x0000000718200000, 0x0000000718200000|100%| S|CS|TAMS 0x0000000718000000, 0x0000000718000000| Complete 
| 177|0x0000000718200000, 0x0000000718400000, 0x0000000718400000|100%| S|CS|TAMS 0x0000000718200000, 0x0000000718200000| Complete 
| 178|0x0000000718400000, 0x0000000718600000, 0x0000000718600000|100%| S|CS|TAMS 0x0000000718400000, 0x0000000718400000| Complete 
| 179|0x0000000718600000, 0x0000000718800000, 0x0000000718800000|100%| S|CS|TAMS 0x0000000718600000, 0x0000000718600000| Complete 
| 180|0x0000000718800000, 0x0000000718800000, 0x0000000718a00000|  0%| F|  |TAMS 0x0000000718800000, 0x0000000718800000| Untracked 
| 181|0x0000000718a00000, 0x0000000718a00000, 0x0000000718c00000|  0%| F|  |TAMS 0x0000000718a00000, 0x0000000718a00000| Untracked 
| 182|0x0000000718c00000, 0x0000000718c00000, 0x0000000718e00000|  0%| F|  |TAMS 0x0000000718c00000, 0x0000000718c00000| Untracked 
| 183|0x0000000718e00000, 0x0000000718e00000, 0x0000000719000000|  0%| F|  |TAMS 0x0000000718e00000, 0x0000000718e00000| Untracked 
| 184|0x0000000719000000, 0x0000000719000000, 0x0000000719200000|  0%| F|  |TAMS 0x0000000719000000, 0x0000000719000000| Untracked 
| 185|0x0000000719200000, 0x0000000719200000, 0x0000000719400000|  0%| F|  |TAMS 0x0000000719200000, 0x0000000719200000| Untracked 
| 186|0x0000000719400000, 0x0000000719400000, 0x0000000719600000|  0%| F|  |TAMS 0x0000000719400000, 0x0000000719400000| Untracked 
| 187|0x0000000719600000, 0x0000000719600000, 0x0000000719800000|  0%| F|  |TAMS 0x0000000719600000, 0x0000000719600000| Untracked 
| 188|0x0000000719800000, 0x0000000719800000, 0x0000000719a00000|  0%| F|  |TAMS 0x0000000719800000, 0x0000000719800000| Untracked 
| 189|0x0000000719a00000, 0x0000000719a00000, 0x0000000719c00000|  0%| F|  |TAMS 0x0000000719a00000, 0x0000000719a00000| Untracked 
| 190|0x0000000719c00000, 0x0000000719c00000, 0x0000000719e00000|  0%| F|  |TAMS 0x0000000719c00000, 0x0000000719c00000| Untracked 
| 191|0x0000000719e00000, 0x0000000719e00000, 0x000000071a000000|  0%| F|  |TAMS 0x0000000719e00000, 0x0000000719e00000| Untracked 
| 192|0x000000071a000000, 0x000000071a000000, 0x000000071a200000|  0%| F|  |TAMS 0x000000071a000000, 0x000000071a000000| Untracked 
| 193|0x000000071a200000, 0x000000071a200000, 0x000000071a400000|  0%| F|  |TAMS 0x000000071a200000, 0x000000071a200000| Untracked 
| 194|0x000000071a400000, 0x000000071a400000, 0x000000071a600000|  0%| F|  |TAMS 0x000000071a400000, 0x000000071a400000| Untracked 
| 195|0x000000071a600000, 0x000000071a600000, 0x000000071a800000|  0%| F|  |TAMS 0x000000071a600000, 0x000000071a600000| Untracked 
| 196|0x000000071a800000, 0x000000071a800000, 0x000000071aa00000|  0%| F|  |TAMS 0x000000071a800000, 0x000000071a800000| Untracked 
| 197|0x000000071aa00000, 0x000000071aa00000, 0x000000071ac00000|  0%| F|  |TAMS 0x000000071aa00000, 0x000000071aa00000| Untracked 
| 198|0x000000071ac00000, 0x000000071ac00000, 0x000000071ae00000|  0%| F|  |TAMS 0x000000071ac00000, 0x000000071ac00000| Untracked 
| 199|0x000000071ae00000, 0x000000071ae00000, 0x000000071b000000|  0%| F|  |TAMS 0x000000071ae00000, 0x000000071ae00000| Untracked 
| 200|0x000000071b000000, 0x000000071b000000, 0x000000071b200000|  0%| F|  |TAMS 0x000000071b000000, 0x000000071b000000| Untracked 
| 201|0x000000071b200000, 0x000000071b200000, 0x000000071b400000|  0%| F|  |TAMS 0x000000071b200000, 0x000000071b200000| Untracked 
| 202|0x000000071b400000, 0x000000071b400000, 0x000000071b600000|  0%| F|  |TAMS 0x000000071b400000, 0x000000071b400000| Untracked 
| 203|0x000000071b600000, 0x000000071b600000, 0x000000071b800000|  0%| F|  |TAMS 0x000000071b600000, 0x000000071b600000| Untracked 
| 204|0x000000071b800000, 0x000000071b800000, 0x000000071ba00000|  0%| F|  |TAMS 0x000000071b800000, 0x000000071b800000| Untracked 
| 205|0x000000071ba00000, 0x000000071ba00000, 0x000000071bc00000|  0%| F|  |TAMS 0x000000071ba00000, 0x000000071ba00000| Untracked 
| 206|0x000000071bc00000, 0x000000071bc00000, 0x000000071be00000|  0%| F|  |TAMS 0x000000071bc00000, 0x000000071bc00000| Untracked 
| 207|0x000000071be00000, 0x000000071be00000, 0x000000071c000000|  0%| F|  |TAMS 0x000000071be00000, 0x000000071be00000| Untracked 
| 208|0x000000071c000000, 0x000000071c000000, 0x000000071c200000|  0%| F|  |TAMS 0x000000071c000000, 0x000000071c000000| Untracked 
| 209|0x000000071c200000, 0x000000071c200000, 0x000000071c400000|  0%| F|  |TAMS 0x000000071c200000, 0x000000071c200000| Untracked 
| 210|0x000000071c400000, 0x000000071c400000, 0x000000071c600000|  0%| F|  |TAMS 0x000000071c400000, 0x000000071c400000| Untracked 
| 211|0x000000071c600000, 0x000000071c600000, 0x000000071c800000|  0%| F|  |TAMS 0x000000071c600000, 0x000000071c600000| Untracked 
| 212|0x000000071c800000, 0x000000071c800000, 0x000000071ca00000|  0%| F|  |TAMS 0x000000071c800000, 0x000000071c800000| Untracked 
| 213|0x000000071ca00000, 0x000000071ca00000, 0x000000071cc00000|  0%| F|  |TAMS 0x000000071ca00000, 0x000000071ca00000| Untracked 
| 214|0x000000071cc00000, 0x000000071cc00000, 0x000000071ce00000|  0%| F|  |TAMS 0x000000071cc00000, 0x000000071cc00000| Untracked 
| 215|0x000000071ce00000, 0x000000071ce00000, 0x000000071d000000|  0%| F|  |TAMS 0x000000071ce00000, 0x000000071ce00000| Untracked 
| 216|0x000000071d000000, 0x000000071d000000, 0x000000071d200000|  0%| F|  |TAMS 0x000000071d000000, 0x000000071d000000| Untracked 
| 217|0x000000071d200000, 0x000000071d200000, 0x000000071d400000|  0%| F|  |TAMS 0x000000071d200000, 0x000000071d200000| Untracked 
| 218|0x000000071d400000, 0x000000071d400000, 0x000000071d600000|  0%| F|  |TAMS 0x000000071d400000, 0x000000071d400000| Untracked 
| 219|0x000000071d600000, 0x000000071d600000, 0x000000071d800000|  0%| F|  |TAMS 0x000000071d600000, 0x000000071d600000| Untracked 
| 220|0x000000071d800000, 0x000000071d800000, 0x000000071da00000|  0%| F|  |TAMS 0x000000071d800000, 0x000000071d800000| Untracked 
| 221|0x000000071da00000, 0x000000071da00000, 0x000000071dc00000|  0%| F|  |TAMS 0x000000071da00000, 0x000000071da00000| Untracked 
| 222|0x000000071dc00000, 0x000000071dc00000, 0x000000071de00000|  0%| F|  |TAMS 0x000000071dc00000, 0x000000071dc00000| Untracked 
| 223|0x000000071de00000, 0x000000071de00000, 0x000000071e000000|  0%| F|  |TAMS 0x000000071de00000, 0x000000071de00000| Untracked 
| 224|0x000000071e000000, 0x000000071e000000, 0x000000071e200000|  0%| F|  |TAMS 0x000000071e000000, 0x000000071e000000| Untracked 
| 225|0x000000071e200000, 0x000000071e200000, 0x000000071e400000|  0%| F|  |TAMS 0x000000071e200000, 0x000000071e200000| Untracked 
| 226|0x000000071e400000, 0x000000071e400000, 0x000000071e600000|  0%| F|  |TAMS 0x000000071e400000, 0x000000071e400000| Untracked 
| 227|0x000000071e600000, 0x000000071e600000, 0x000000071e800000|  0%| F|  |TAMS 0x000000071e600000, 0x000000071e600000| Untracked 
| 228|0x000000071e800000, 0x000000071e800000, 0x000000071ea00000|  0%| F|  |TAMS 0x000000071e800000, 0x000000071e800000| Untracked 
| 229|0x000000071ea00000, 0x000000071eb0edb0, 0x000000071ec00000| 52%| E|  |TAMS 0x000000071ea00000, 0x000000071ea00000| Complete 
| 230|0x000000071ec00000, 0x000000071ee00000, 0x000000071ee00000|100%| E|CS|TAMS 0x000000071ec00000, 0x000000071ec00000| Complete 
| 231|0x000000071ee00000, 0x000000071f000000, 0x000000071f000000|100%| E|CS|TAMS 0x000000071ee00000, 0x000000071ee00000| Complete 
| 232|0x000000071f000000, 0x000000071f200000, 0x000000071f200000|100%| E|CS|TAMS 0x000000071f000000, 0x000000071f000000| Complete 
| 233|0x000000071f200000, 0x000000071f400000, 0x000000071f400000|100%| E|CS|TAMS 0x000000071f200000, 0x000000071f200000| Complete 
| 234|0x000000071f400000, 0x000000071f600000, 0x000000071f600000|100%| E|CS|TAMS 0x000000071f400000, 0x000000071f400000| Complete 
| 235|0x000000071f600000, 0x000000071f800000, 0x000000071f800000|100%| E|CS|TAMS 0x000000071f600000, 0x000000071f600000| Complete 
| 236|0x000000071f800000, 0x000000071fa00000, 0x000000071fa00000|100%| E|CS|TAMS 0x000000071f800000, 0x000000071f800000| Complete 
| 237|0x000000071fa00000, 0x000000071fc00000, 0x000000071fc00000|100%| E|CS|TAMS 0x000000071fa00000, 0x000000071fa00000| Complete 
| 238|0x000000071fc00000, 0x000000071fe00000, 0x000000071fe00000|100%| E|CS|TAMS 0x000000071fc00000, 0x000000071fc00000| Complete 
| 239|0x000000071fe00000, 0x0000000720000000, 0x0000000720000000|100%| E|CS|TAMS 0x000000071fe00000, 0x000000071fe00000| Complete 
| 240|0x0000000720000000, 0x0000000720200000, 0x0000000720200000|100%| E|CS|TAMS 0x0000000720000000, 0x0000000720000000| Complete 
| 241|0x0000000720200000, 0x0000000720400000, 0x0000000720400000|100%| E|CS|TAMS 0x0000000720200000, 0x0000000720200000| Complete 

Card table byte_map: [0x000002837f3f0000,0x000002837fbe0000] _byte_map_base: 0x000002837bbe0000

Marking Bits (Prev, Next): (CMBitMap*) 0x000002837e64ca00, (CMBitMap*) 0x000002837e64c9c0
 Prev Bits: [0x000002831af50000, 0x000002831eed0000)
 Next Bits: [0x0000028316fd0000, 0x000002831af50000)

Polling page: 0x000002837ddb0000

Metaspace:

Usage:
  Non-class:     17.51 MB used.
      Class:      2.78 MB used.
       Both:     20.29 MB used.

Virtual space:
  Non-class space:       64.00 MB reserved,      17.62 MB ( 28%) committed,  1 nodes.
      Class space:        1.00 GB reserved,       2.94 MB ( <1%) committed,  1 nodes.
             Both:        1.06 GB reserved,      20.56 MB (  2%) committed. 

Chunk freelists:
   Non-Class:  14.00 MB
       Class:  13.03 MB
        Both:  27.03 MB

MaxMetaspaceSize: unlimited
CompressedClassSpaceSize: 1.00 GB
Initial GC threshold: 21.00 MB
Current GC threshold: 29.94 MB
CDS: on
MetaspaceReclaimPolicy: balanced
 - commit_granule_bytes: 65536.
 - commit_granule_words: 8192.
 - virtual_space_node_default_size: 8388608.
 - enlarge_chunks_in_place: 1.
 - new_chunks_are_fully_committed: 0.
 - uncommit_free_chunks: 1.
 - use_allocation_guard: 0.
 - handle_deallocations: 1.


Internal statistics:

num_allocs_failed_limit: 0.
num_arena_births: 258.
num_arena_deaths: 0.
num_vsnodes_births: 2.
num_vsnodes_deaths: 0.
num_space_committed: 329.
num_space_uncommitted: 0.
num_chunks_returned_to_freelist: 0.
num_chunks_taken_from_freelist: 931.
num_chunk_merges: 0.
num_chunk_splits: 638.
num_chunks_enlarged: 490.
num_inconsistent_stats: 0.

CodeHeap 'non-profiled nmethods': size=120000Kb used=2417Kb max_used=2417Kb free=117582Kb
 bounds [0x000002830f2b0000, 0x000002830f520000, 0x00000283167e0000]
CodeHeap 'profiled nmethods': size=120000Kb used=10915Kb max_used=10915Kb free=109084Kb
 bounds [0x00000283077e0000, 0x0000028308290000, 0x000002830ed10000]
CodeHeap 'non-nmethods': size=5760Kb used=1459Kb max_used=1509Kb free=4300Kb
 bounds [0x000002830ed10000, 0x000002830ef80000, 0x000002830f2b0000]
 total_blobs=5969 nmethods=5144 adapters=736
 compilation: enabled
              stopped_count=0, restarted_count=0
 full_count=0

Compilation events (20 events):
Event: 34.108 Thread 0x000002832184c230 5135       3       javafx.scene.Node::processCSS (103 bytes)
Event: 34.108 Thread 0x000002832184c230 nmethod 5135 0x0000028308280f90 code [0x00000283082811e0, 0x0000028308281bf8]
Event: 34.109 Thread 0x000002832184c230 5136       3       java.util.concurrent.atomic.AtomicInteger::getAndIncrement (12 bytes)
Event: 34.109 Thread 0x000002832184c230 nmethod 5136 0x0000028308281e90 code [0x0000028308282020, 0x0000028308282138]
Event: 34.109 Thread 0x000002832184c230 5137       3       com.sun.javafx.geom.RectBounds::disjoint (74 bytes)
Event: 34.109 Thread 0x000002832184c230 nmethod 5137 0x0000028308282210 code [0x00000283082823e0, 0x0000028308282a58]
Event: 34.110 Thread 0x0000028321968090 5138       4       com.sun.javafx.geom.transform.AffineBase::scale (284 bytes)
Event: 34.111 Thread 0x000002832184c230 5139       3       com.sun.prism.impl.VertexBuffer::flush (32 bytes)
Event: 34.111 Thread 0x000002832184c230 nmethod 5139 0x0000028308282b90 code [0x0000028308282d40, 0x0000028308283038]
Event: 34.111 Thread 0x0000028321968090 nmethod 5138 0x000002830f50b690 code [0x000002830f50b860, 0x000002830f50ba58]
Event: 34.111 Thread 0x000002832184c230 5141  s!   3       com.sun.scenario.effect.impl.ImagePool::checkOut (447 bytes)
Event: 34.111 Thread 0x0000028321968090 5142       4       com.sun.javafx.geom.RectBounds::setBoundsAndSort (14 bytes)
Event: 34.112 Thread 0x0000028321968090 nmethod 5142 0x000002830f50bb90 code [0x000002830f50bd00, 0x000002830f50bdf8]
Event: 34.112 Thread 0x0000028321968090 5143       4       com.sun.javafx.geom.transform.Affine2D::getDegree (4 bytes)
Event: 34.112 Thread 0x0000028321968090 nmethod 5143 0x000002830f50be90 code [0x000002830f50c000, 0x000002830f50c078]
Event: 34.114 Thread 0x000002832184c230 nmethod 5141 0x0000028308283190 code [0x0000028308283720, 0x0000028308287398]
Event: 34.114 Thread 0x000002832184c230 5140       3       java.util.ArrayDeque::removeFirst (19 bytes)
Event: 34.114 Thread 0x000002832184c230 nmethod 5140 0x0000028308288910 code [0x0000028308288ac0, 0x0000028308288d98]
Event: 38.066 Thread 0x000002832184c230 5144       1       java.util.logging.LogManager$LoggerContext::getOwner (5 bytes)
Event: 38.066 Thread 0x000002832184c230 nmethod 5144 0x000002830f50c190 code [0x000002830f50c320, 0x000002830f50c3f8]

GC Heap History (18 events):
Event: 1.493 GC heap before
{Heap before GC invocations=0 (full 0):
 garbage-first heap   total 260096K, used 20480K [0x0000000702000000, 0x0000000800000000)
  region size 2048K, 11 young (22528K), 0 survivors (0K)
 Metaspace       used 4952K, committed 5184K, reserved 1114112K
  class space    used 537K, committed 640K, reserved 1048576K
}
Event: 1.496 GC heap after
{Heap after GC invocations=1 (full 0):
 garbage-first heap   total 260096K, used 3940K [0x0000000702000000, 0x0000000800000000)
  region size 2048K, 2 young (4096K), 2 survivors (4096K)
 Metaspace       used 4952K, committed 5184K, reserved 1114112K
  class space    used 537K, committed 640K, reserved 1048576K
}
Event: 1.853 GC heap before
{Heap before GC invocations=1 (full 0):
 garbage-first heap   total 260096K, used 36708K [0x0000000702000000, 0x0000000800000000)
  region size 2048K, 18 young (36864K), 2 survivors (4096K)
 Metaspace       used 13885K, committed 14144K, reserved 1114112K
  class space    used 2049K, committed 2176K, reserved 1048576K
}
Event: 1.857 GC heap after
{Heap after GC invocations=2 (full 0):
 garbage-first heap   total 260096K, used 7498K [0x0000000702000000, 0x0000000800000000)
  region size 2048K, 2 young (4096K), 2 survivors (4096K)
 Metaspace       used 13885K, committed 14144K, reserved 1114112K
  class space    used 2049K, committed 2176K, reserved 1048576K
}
Event: 11.636 GC heap before
{Heap before GC invocations=2 (full 0):
 garbage-first heap   total 260096K, used 116042K [0x0000000702000000, 0x0000000800000000)
  region size 2048K, 11 young (22528K), 2 survivors (4096K)
 Metaspace       used 17758K, committed 17984K, reserved 1114112K
  class space    used 2463K, committed 2560K, reserved 1048576K
}
Event: 11.640 GC heap after
{Heap after GC invocations=3 (full 0):
 garbage-first heap   total 260096K, used 101755K [0x0000000702000000, 0x0000000800000000)
  region size 2048K, 3 young (6144K), 3 survivors (6144K)
 Metaspace       used 17758K, committed 17984K, reserved 1114112K
  class space    used 2463K, committed 2560K, reserved 1048576K
}
Event: 11.751 GC heap before
{Heap before GC invocations=3 (full 0):
 garbage-first heap   total 260096K, used 138619K [0x0000000702000000, 0x0000000800000000)
  region size 2048K, 4 young (8192K), 3 survivors (6144K)
 Metaspace       used 17764K, committed 17984K, reserved 1114112K
  class space    used 2463K, committed 2560K, reserved 1048576K
}
Event: 11.755 GC heap after
{Heap after GC invocations=4 (full 0):
 garbage-first heap   total 260096K, used 138782K [0x0000000702000000, 0x0000000800000000)
  region size 2048K, 3 young (6144K), 3 survivors (6144K)
 Metaspace       used 17764K, committed 17984K, reserved 1114112K
  class space    used 2463K, committed 2560K, reserved 1048576K
}
Event: 11.874 GC heap before
{Heap before GC invocations=5 (full 0):
 garbage-first heap   total 296960K, used 175646K [0x0000000702000000, 0x0000000800000000)
  region size 2048K, 4 young (8192K), 3 survivors (6144K)
 Metaspace       used 17764K, committed 17984K, reserved 1114112K
  class space    used 2463K, committed 2560K, reserved 1048576K
}
Event: 11.877 GC heap after
{Heap after GC invocations=6 (full 0):
 garbage-first heap   total 296960K, used 175763K [0x0000000702000000, 0x0000000800000000)
  region size 2048K, 3 young (6144K), 3 survivors (6144K)
 Metaspace       used 17764K, committed 17984K, reserved 1114112K
  class space    used 2463K, committed 2560K, reserved 1048576K
}
Event: 11.892 GC heap before
{Heap before GC invocations=7 (full 0):
 garbage-first heap   total 305152K, used 179859K [0x0000000702000000, 0x0000000800000000)
  region size 2048K, 4 young (8192K), 3 survivors (6144K)
 Metaspace       used 17764K, committed 17984K, reserved 1114112K
  class space    used 2463K, committed 2560K, reserved 1048576K
}
Event: 11.895 GC heap after
{Heap after GC invocations=8 (full 0):
 garbage-first heap   total 305152K, used 179797K [0x0000000702000000, 0x0000000800000000)
  region size 2048K, 3 young (6144K), 3 survivors (6144K)
 Metaspace       used 17764K, committed 17984K, reserved 1114112K
  class space    used 2463K, committed 2560K, reserved 1048576K
}
Event: 12.016 GC heap before
{Heap before GC invocations=9 (full 0):
 garbage-first heap   total 366592K, used 216661K [0x0000000702000000, 0x0000000800000000)
  region size 2048K, 4 young (8192K), 3 survivors (6144K)
 Metaspace       used 17764K, committed 17984K, reserved 1114112K
  class space    used 2463K, committed 2560K, reserved 1048576K
}
Event: 12.019 GC heap after
{Heap after GC invocations=10 (full 0):
 garbage-first heap   total 366592K, used 216856K [0x0000000702000000, 0x0000000800000000)
  region size 2048K, 3 young (6144K), 3 survivors (6144K)
 Metaspace       used 17764K, committed 17984K, reserved 1114112K
  class space    used 2463K, committed 2560K, reserved 1048576K
}
Event: 12.174 GC heap before
{Heap before GC invocations=11 (full 0):
 garbage-first heap   total 428032K, used 257816K [0x0000000702000000, 0x0000000800000000)
  region size 2048K, 6 young (12288K), 3 survivors (6144K)
 Metaspace       used 18101K, committed 18304K, reserved 1114112K
  class space    used 2541K, committed 2624K, reserved 1048576K
}
Event: 12.177 GC heap after
{Heap after GC invocations=12 (full 0):
 garbage-first heap   total 428032K, used 253846K [0x0000000702000000, 0x0000000800000000)
  region size 2048K, 4 young (8192K), 4 survivors (8192K)
 Metaspace       used 18101K, committed 18304K, reserved 1114112K
  class space    used 2541K, committed 2624K, reserved 1048576K
}
Event: 13.373 GC heap before
{Heap before GC invocations=13 (full 0):
 garbage-first heap   total 495616K, used 409494K [0x0000000702000000, 0x0000000800000000)
  region size 2048K, 62 young (126976K), 4 survivors (8192K)
 Metaspace       used 20093K, committed 20288K, reserved 1114112K
  class space    used 2802K, committed 2880K, reserved 1048576K
}
Event: 13.379 GC heap after
{Heap after GC invocations=14 (full 0):
 garbage-first heap   total 495616K, used 294705K [0x0000000702000000, 0x0000000800000000)
  region size 2048K, 6 young (12288K), 6 survivors (12288K)
 Metaspace       used 20093K, committed 20288K, reserved 1114112K
  class space    used 2802K, committed 2880K, reserved 1048576K
}

Deoptimization events (20 events):
Event: 15.370 Thread 0x0000028321841980 Uncommon trap: trap_request=0xffffffbe fr.pc=0x000002830f481c50 relative=0x0000000000001690
Event: 15.370 Thread 0x0000028321841980 Uncommon trap: reason=profile_predicate action=maybe_recompile pc=0x000002830f481c50 method=com.sun.prism.impl.shape.DMarlinPrismUtils.feedConsumer(Lcom/sun/marlin/RendererContext;Lcom/sun/javafx/geom/Path2D;Lcom/sun/javafx/geom/transform/BaseTransform;Lc
Event: 15.370 Thread 0x0000028321841980 DEOPT PACKING pc=0x000002830f481c50 sp=0x000000a54e7fd750
Event: 15.370 Thread 0x0000028321841980 DEOPT UNPACKING pc=0x000002830ed623a3 sp=0x000000a54e7fd760 mode 2
Event: 17.563 Thread 0x0000028321841980 Uncommon trap: trap_request=0xffffff45 fr.pc=0x000002830f4a7a14 relative=0x0000000000000274
Event: 17.563 Thread 0x0000028321841980 Uncommon trap: reason=unstable_if action=reinterpret pc=0x000002830f4a7a14 method=com.sun.javafx.geom.transform.AffineBase.transform2DBounds(Lcom/sun/javafx/geom/RectBounds;Lcom/sun/javafx/geom/RectBounds;)Lcom/sun/javafx/geom/BaseBounds; @ 7 c2
Event: 17.563 Thread 0x0000028321841980 DEOPT PACKING pc=0x000002830f4a7a14 sp=0x000000a54e7fe620
Event: 17.563 Thread 0x0000028321841980 DEOPT UNPACKING pc=0x000002830ed623a3 sp=0x000000a54e7fe578 mode 2
Event: 17.563 Thread 0x0000028321841980 Uncommon trap: trap_request=0xffffff45 fr.pc=0x000002830f423804 relative=0x00000000000001c4
Event: 17.563 Thread 0x0000028321841980 Uncommon trap: reason=unstable_if action=reinterpret pc=0x000002830f423804 method=com.sun.prism.impl.BaseContext.flushMask()V @ 4 c2
Event: 17.563 Thread 0x0000028321841980 DEOPT PACKING pc=0x000002830f423804 sp=0x000000a54e7fd2d0
Event: 17.563 Thread 0x0000028321841980 DEOPT UNPACKING pc=0x000002830ed623a3 sp=0x000000a54e7fd1d0 mode 2
Event: 18.890 Thread 0x0000028321845130 Uncommon trap: trap_request=0xffffff45 fr.pc=0x000002830f4ffff8 relative=0x00000000000009b8
Event: 18.890 Thread 0x0000028321845130 Uncommon trap: reason=unstable_if action=reinterpret pc=0x000002830f4ffff8 method=javafx.scene.Node.intersectsBounds(Lcom/sun/javafx/geom/PickRay;)D @ 902 c2
Event: 18.890 Thread 0x0000028321845130 DEOPT PACKING pc=0x000002830f4ffff8 sp=0x000000a54e8fa770
Event: 18.890 Thread 0x0000028321845130 DEOPT UNPACKING pc=0x000002830ed623a3 sp=0x000000a54e8fa648 mode 2
Event: 31.760 Thread 0x0000028321845130 Uncommon trap: trap_request=0xffffff6e fr.pc=0x000002830f507b58 relative=0x0000000000000238
Event: 31.760 Thread 0x0000028321845130 Uncommon trap: reason=loop_limit_check action=maybe_recompile pc=0x000002830f507b58 method=javafx.scene.Parent.pickChildrenNode(Lcom/sun/javafx/geom/PickRay;Lcom/sun/javafx/scene/input/PickResultChooser;)Z @ 17 c2
Event: 31.760 Thread 0x0000028321845130 DEOPT PACKING pc=0x000002830f507b58 sp=0x000000a54e8f7460
Event: 31.760 Thread 0x0000028321845130 DEOPT UNPACKING pc=0x000002830ed623a3 sp=0x000000a54e8f7210 mode 2

Classes unloaded (0 events):
No events

Classes redefined (0 events):
No events

Internal exceptions (20 events):
Event: 1.985 Thread 0x0000028321845130 Exception <a 'java/lang/NoSuchMethodError'{0x0000000711bde160}: 'java.lang.Object java.lang.invoke.DirectMethodHandle$Holder.newInvokeSpecial(java.lang.Object, java.lang.Object, long)'> (0x0000000711bde160) 
thrown [s\open\src\hotspot\share\interpreter\linkResolver.cpp, line 759]
Event: 1.986 Thread 0x0000028321845130 Exception <a 'java/lang/NoSuchMethodError'{0x0000000711be1cd0}: 'java.lang.Object java.lang.invoke.Invokers$Holder.linkToTargetMethod(java.lang.Object, long, java.lang.Object)'> (0x0000000711be1cd0) 
thrown [s\open\src\hotspot\share\interpreter\linkResolver.cpp, line 759]
Event: 6.745 Thread 0x0000028321845130 Exception <a 'sun/nio/fs/WindowsException'{0x0000000711311950}> (0x0000000711311950) 
thrown [s\open\src\hotspot\share\prims\jni.cpp, line 516]
Event: 12.158 Thread 0x000002836c17dcd0 Exception <a 'java/io/IOException'{0x000000071c016380}> (0x000000071c016380) 
thrown [s\open\src\hotspot\share\prims\jni.cpp, line 516]
Event: 12.166 Thread 0x000002836c17dcd0 Exception <a 'java/lang/NullPointerException'{0x000000071c035230}> (0x000000071c035230) 
thrown [s\open\src\hotspot\share\interpreter\linkResolver.cpp, line 1433]
Event: 12.179 Thread 0x000002836c17aa30 Exception <a 'sun/nio/fs/WindowsException'{0x000000071c00a470}> (0x000000071c00a470) 
thrown [s\open\src\hotspot\share\prims\jni.cpp, line 516]
Event: 12.180 Thread 0x000002836c17aa30 Exception <a 'sun/nio/fs/WindowsException'{0x000000071c00b720}> (0x000000071c00b720) 
thrown [s\open\src\hotspot\share\prims\jni.cpp, line 516]
Event: 12.180 Thread 0x000002836c17aa30 Exception <a 'sun/nio/fs/WindowsException'{0x000000071c00c9d8}> (0x000000071c00c9d8) 
thrown [s\open\src\hotspot\share\prims\jni.cpp, line 516]
Event: 12.300 Thread 0x000002836c17cda0 Exception <a 'sun/net/ConnectionResetException'{0x0000000719fc6900}: Connection reset> (0x0000000719fc6900) 
thrown [s\open\src\hotspot\share\prims\jni.cpp, line 535]
Event: 12.530 Thread 0x0000028321845130 Exception <a 'java/lang/NoSuchMethodError'{0x00000007190c43c8}: 'void java.lang.invoke.DirectMethodHandle$Holder.invokeSpecial(java.lang.Object, java.lang.Object, int, int)'> (0x00000007190c43c8) 
thrown [s\open\src\hotspot\share\interpreter\linkResolver.cpp, line 759]
Event: 12.531 Thread 0x0000028321845130 Exception <a 'java/lang/NoSuchMethodError'{0x00000007190cae58}: 'java.lang.Object java.lang.invoke.DirectMethodHandle$Holder.newInvokeSpecial(java.lang.Object, java.lang.Object, int, int)'> (0x00000007190cae58) 
thrown [s\open\src\hotspot\share\interpreter\linkResolver.cpp, line 759]
Event: 12.543 Thread 0x0000028321845130 Implicit null exception at 0x000002830f3e322d to 0x000002830f3e37e4
Event: 12.543 Thread 0x0000028321845130 Implicit null exception at 0x000002830f3e322d to 0x000002830f3e37e4
Event: 12.543 Thread 0x0000028321845130 Implicit null exception at 0x000002830f3e322d to 0x000002830f3e37e4
Event: 12.543 Thread 0x0000028321845130 Implicit null exception at 0x000002830f3e322d to 0x000002830f3e37e4
Event: 12.948 Thread 0x0000028321841980 Exception <a 'java/lang/NoSuchMethodError'{0x0000000718e122d0}: 'java.lang.Object java.lang.invoke.DirectMethodHandle$Holder.invokeStaticInit(java.lang.Object, int)'> (0x0000000718e122d0) 
thrown [s\open\src\hotspot\share\interpreter\linkResolver.cpp, line 759]
Event: 12.997 Thread 0x0000028321845130 Exception <a 'java/lang/NoSuchMethodError'{0x00000007191d5af0}: 'void java.lang.invoke.DirectMethodHandle$Holder.invokeSpecial(java.lang.Object, java.lang.Object, double)'> (0x00000007191d5af0) 
thrown [s\open\src\hotspot\share\interpreter\linkResolver.cpp, line 759]
Event: 12.998 Thread 0x0000028321845130 Exception <a 'java/lang/NoSuchMethodError'{0x00000007191dbdc8}: 'java.lang.Object java.lang.invoke.DirectMethodHandle$Holder.newInvokeSpecial(java.lang.Object, java.lang.Object, double)'> (0x00000007191dbdc8) 
thrown [s\open\src\hotspot\share\interpreter\linkResolver.cpp, line 759]
Event: 12.998 Thread 0x0000028321845130 Exception <a 'java/lang/NoSuchMethodError'{0x00000007191dff38}: 'java.lang.Object java.lang.invoke.DirectMethodHandle$Holder.invokeSpecial(java.lang.Object, java.lang.Object, java.lang.Object, double)'> (0x00000007191dff38) 
thrown [s\open\src\hotspot\share\interpreter\linkResolver.cpp, line 759]
Event: 14.169 Thread 0x0000028321841980 Implicit null exception at 0x000002830f494372 to 0x000002830f49518c

VM Operations (20 events):
Event: 18.646 Executing VM operation: Cleanup done
Event: 19.647 Executing VM operation: Cleanup
Event: 19.647 Executing VM operation: Cleanup done
Event: 20.647 Executing VM operation: Cleanup
Event: 20.647 Executing VM operation: Cleanup done
Event: 21.648 Executing VM operation: Cleanup
Event: 21.648 Executing VM operation: Cleanup done
Event: 27.649 Executing VM operation: Cleanup
Event: 27.649 Executing VM operation: Cleanup done
Event: 28.650 Executing VM operation: Cleanup
Event: 28.650 Executing VM operation: Cleanup done
Event: 29.651 Executing VM operation: Cleanup
Event: 29.651 Executing VM operation: Cleanup done
Event: 32.651 Executing VM operation: Cleanup
Event: 32.652 Executing VM operation: Cleanup done
Event: 33.652 Executing VM operation: Cleanup
Event: 33.652 Executing VM operation: Cleanup done
Event: 34.653 Executing VM operation: Cleanup
Event: 34.653 Executing VM operation: Cleanup done
Event: 38.067 Executing VM operation: Exit

Events (20 events):
Event: 17.560 loading class sun/text/RuleBasedBreakIterator
Event: 17.560 loading class sun/text/RuleBasedBreakIterator done
Event: 17.560 loading class sun/text/CompactByteArray
Event: 17.560 loading class sun/text/CompactByteArray done
Event: 17.560 loading class sun/text/SupplementaryCharacterData
Event: 17.560 loading class sun/text/SupplementaryCharacterData done
Event: 17.560 loading class java/text/BreakIterator$BreakIteratorCache
Event: 17.560 loading class java/text/BreakIterator$BreakIteratorCache done
Event: 17.560 loading class java/text/StringCharacterIterator
Event: 17.560 loading class java/text/StringCharacterIterator done
Event: 18.381 Thread 0x000002836c17a010 Thread exited: 0x000002836c17a010
Event: 21.139 Thread 0x000002836c1790e0 Thread exited: 0x000002836c1790e0
Event: 38.065 loading class jdk/internal/misc/Signal$1
Event: 38.065 loading class jdk/internal/misc/Signal$1 done
Event: 38.066 Thread 0x000002836c180040 Thread added: 0x000002836c180040
Event: 38.066 Thread 0x000002836c180550 Thread added: 0x000002836c180550
Event: 38.066 Thread 0x000002836c17a010 Thread added: 0x000002836c17a010
Event: 38.066 Thread 0x000002836c180550 Thread exited: 0x000002836c180550
Event: 38.067 Thread 0x000002836c17a010 Thread exited: 0x000002836c17a010
Event: 38.067 Thread 0x00000283218403a0 Thread exited: 0x00000283218403a0


Dynamic libraries:
0x00007ff78c010000 - 0x00007ff78c020000 	C:\Program Files\Java\jdk-17\bin\java.exe
0x00007ffc4af70000 - 0x00007ffc4b168000 	C:\Windows\SYSTEM32\ntdll.dll
0x00007ffc49740000 - 0x00007ffc497fd000 	C:\Windows\System32\KERNEL32.DLL
0x00007ffc488c0000 - 0x00007ffc48bb6000 	C:\Windows\System32\KERNELBASE.dll
0x00007ffc48d50000 - 0x00007ffc48e50000 	C:\Windows\System32\ucrtbase.dll
0x00007ffc3a380000 - 0x00007ffc3a39b000 	C:\Program Files\Java\jdk-17\bin\VCRUNTIME140.dll
0x00007ffc418d0000 - 0x00007ffc418e9000 	C:\Program Files\Java\jdk-17\bin\jli.dll
0x00007ffc49560000 - 0x00007ffc49610000 	C:\Windows\System32\ADVAPI32.dll
0x00007ffc491d0000 - 0x00007ffc4926e000 	C:\Windows\System32\msvcrt.dll
0x00007ffc49460000 - 0x00007ffc49500000 	C:\Windows\System32\sechost.dll
0x00007ffc4acf0000 - 0x00007ffc4ae13000 	C:\Windows\System32\RPCRT4.dll
0x00007ffc48730000 - 0x00007ffc48757000 	C:\Windows\System32\bcrypt.dll
0x00007ffc4a090000 - 0x00007ffc4a22f000 	C:\Windows\System32\USER32.dll
0x00007ffc48620000 - 0x00007ffc48642000 	C:\Windows\System32\win32u.dll
0x00007ffc295b0000 - 0x00007ffc2984a000 	C:\Windows\WinSxS\amd64_microsoft.windows.common-controls_6595b64144ccf1df_6.0.19041.4355_none_60b8b9eb71f62e16\COMCTL32.dll
0x00007ffc4a9a0000 - 0x00007ffc4a9cb000 	C:\Windows\System32\GDI32.dll
0x00007ffc48bc0000 - 0x00007ffc48cd7000 	C:\Windows\System32\gdi32full.dll
0x00007ffc48f00000 - 0x00007ffc48f9d000 	C:\Windows\System32\msvcp_win.dll
0x00007ffc41800000 - 0x00007ffc4180a000 	C:\Windows\SYSTEM32\VERSION.dll
0x00007ffc4a040000 - 0x00007ffc4a072000 	C:\Windows\System32\IMM32.DLL
0x00007ffc43e20000 - 0x00007ffc43e2c000 	C:\Program Files\Java\jdk-17\bin\vcruntime140_1.dll
0x00007ffc15ef0000 - 0x00007ffc15f7e000 	C:\Program Files\Java\jdk-17\bin\msvcp140.dll
0x00007ffc05e00000 - 0x00007ffc069df000 	C:\Program Files\Java\jdk-17\bin\server\jvm.dll
0x00007ffc4a080000 - 0x00007ffc4a088000 	C:\Windows\System32\PSAPI.DLL
0x00007ffc331b0000 - 0x00007ffc331d7000 	C:\Windows\SYSTEM32\WINMM.dll
0x00007ffc27ed0000 - 0x00007ffc27ed9000 	C:\Windows\SYSTEM32\WSOCK32.dll
0x00007ffc4aa80000 - 0x00007ffc4aaeb000 	C:\Windows\System32\WS2_32.dll
0x00007ffc46e30000 - 0x00007ffc46e42000 	C:\Windows\SYSTEM32\kernel.appcore.dll
0x00007ffc3a370000 - 0x00007ffc3a37a000 	C:\Program Files\Java\jdk-17\bin\jimage.dll
0x00007ffc46250000 - 0x00007ffc46434000 	C:\Windows\SYSTEM32\DBGHELP.DLL
0x00007ffc2f130000 - 0x00007ffc2f164000 	C:\Windows\SYSTEM32\dbgcore.DLL
0x00007ffc486a0000 - 0x00007ffc48722000 	C:\Windows\System32\bcryptPrimitives.dll
0x00007ffc3a360000 - 0x00007ffc3a36e000 	C:\Program Files\Java\jdk-17\bin\instrument.dll
0x00007ffc35530000 - 0x00007ffc35555000 	C:\Program Files\Java\jdk-17\bin\java.dll
0x00007ffc0fd80000 - 0x00007ffc0fe57000 	C:\Program Files\Java\jdk-17\bin\jsvml.dll
0x00007ffc4a230000 - 0x00007ffc4a99b000 	C:\Windows\System32\SHELL32.dll
0x00007ffc46680000 - 0x00007ffc46e1d000 	C:\Windows\SYSTEM32\windows.storage.dll
0x00007ffc49810000 - 0x00007ffc49b63000 	C:\Windows\System32\combase.dll
0x00007ffc48040000 - 0x00007ffc4806e000 	C:\Windows\SYSTEM32\Wldp.dll
0x00007ffc49390000 - 0x00007ffc4945d000 	C:\Windows\System32\OLEAUT32.dll
0x00007ffc4ae80000 - 0x00007ffc4af2d000 	C:\Windows\System32\SHCORE.dll
0x00007ffc49b70000 - 0x00007ffc49bc5000 	C:\Windows\System32\shlwapi.dll
0x00007ffc48550000 - 0x00007ffc48574000 	C:\Windows\SYSTEM32\profapi.dll
0x00007ffc345b0000 - 0x00007ffc345c9000 	C:\Program Files\Java\jdk-17\bin\net.dll
0x00007ffc3f790000 - 0x00007ffc3f89a000 	C:\Windows\SYSTEM32\WINHTTP.dll
0x00007ffc47da0000 - 0x00007ffc47e0a000 	C:\Windows\system32\mswsock.dll
0x00007ffc34590000 - 0x00007ffc345a6000 	C:\Program Files\Java\jdk-17\bin\nio.dll
0x00007ffc31e80000 - 0x00007ffc31e98000 	C:\Program Files\Java\jdk-17\bin\zip.dll
0x00007ffc30bf0000 - 0x00007ffc30c0a000 	C:\Program Files\JetBrains\IntelliJ IDEA 2024.1\bin\breakgen64.dll
0x0000028321d70000 - 0x0000028321d73000 	C:\Users\Classic\.openjfx\cache\17.0.6\api-ms-win-core-console-l1-1-0.dll
0x0000028321d80000 - 0x0000028321d83000 	C:\Users\Classic\.openjfx\cache\17.0.6\api-ms-win-core-console-l1-2-0.dll
0x0000028321d90000 - 0x0000028321d93000 	C:\Users\Classic\.openjfx\cache\17.0.6\api-ms-win-core-datetime-l1-1-0.dll
0x0000028321da0000 - 0x0000028321da3000 	C:\Users\Classic\.openjfx\cache\17.0.6\api-ms-win-core-debug-l1-1-0.dll
0x0000028321db0000 - 0x0000028321db3000 	C:\Users\Classic\.openjfx\cache\17.0.6\api-ms-win-core-errorhandling-l1-1-0.dll
0x0000028321dc0000 - 0x0000028321dc4000 	C:\Users\Classic\.openjfx\cache\17.0.6\api-ms-win-core-file-l1-1-0.dll
0x0000028321dd0000 - 0x0000028321dd3000 	C:\Users\Classic\.openjfx\cache\17.0.6\api-ms-win-core-file-l1-2-0.dll
0x0000028321de0000 - 0x0000028321de3000 	C:\Users\Classic\.openjfx\cache\17.0.6\api-ms-win-core-file-l2-1-0.dll
0x0000028321df0000 - 0x0000028321df3000 	C:\Users\Classic\.openjfx\cache\17.0.6\api-ms-win-core-handle-l1-1-0.dll
0x0000028321e00000 - 0x0000028321e03000 	C:\Users\Classic\.openjfx\cache\17.0.6\api-ms-win-core-heap-l1-1-0.dll
0x0000028321e10000 - 0x0000028321e13000 	C:\Users\Classic\.openjfx\cache\17.0.6\api-ms-win-core-interlocked-l1-1-0.dll
0x0000028321e20000 - 0x0000028321e23000 	C:\Users\Classic\.openjfx\cache\17.0.6\api-ms-win-core-libraryloader-l1-1-0.dll
0x0000028321e30000 - 0x0000028321e33000 	C:\Users\Classic\.openjfx\cache\17.0.6\api-ms-win-core-localization-l1-2-0.dll
0x0000028321e40000 - 0x0000028321e43000 	C:\Users\Classic\.openjfx\cache\17.0.6\api-ms-win-core-memory-l1-1-0.dll
0x0000028321e50000 - 0x0000028321e53000 	C:\Users\Classic\.openjfx\cache\17.0.6\api-ms-win-core-namedpipe-l1-1-0.dll
0x0000028321e60000 - 0x0000028321e63000 	C:\Users\Classic\.openjfx\cache\17.0.6\api-ms-win-core-processenvironment-l1-1-0.dll
0x0000028321e70000 - 0x0000028321e73000 	C:\Users\Classic\.openjfx\cache\17.0.6\api-ms-win-core-processthreads-l1-1-0.dll
0x0000028321e80000 - 0x0000028321e83000 	C:\Users\Classic\.openjfx\cache\17.0.6\api-ms-win-core-processthreads-l1-1-1.dll
0x0000028321e90000 - 0x0000028321e93000 	C:\Users\Classic\.openjfx\cache\17.0.6\api-ms-win-core-profile-l1-1-0.dll
0x0000028321ea0000 - 0x0000028321ea3000 	C:\Users\Classic\.openjfx\cache\17.0.6\api-ms-win-core-rtlsupport-l1-1-0.dll
0x0000028321eb0000 - 0x0000028321eb3000 	C:\Users\Classic\.openjfx\cache\17.0.6\api-ms-win-core-string-l1-1-0.dll
0x0000028321ec0000 - 0x0000028321ec3000 	C:\Users\Classic\.openjfx\cache\17.0.6\api-ms-win-core-synch-l1-1-0.dll
0x0000028321ed0000 - 0x0000028321ed3000 	C:\Users\Classic\.openjfx\cache\17.0.6\api-ms-win-core-synch-l1-2-0.dll
0x0000028321ee0000 - 0x0000028321ee3000 	C:\Users\Classic\.openjfx\cache\17.0.6\api-ms-win-core-sysinfo-l1-1-0.dll
0x0000028321ef0000 - 0x0000028321ef3000 	C:\Users\Classic\.openjfx\cache\17.0.6\api-ms-win-core-timezone-l1-1-0.dll
0x0000028321f00000 - 0x0000028321f03000 	C:\Users\Classic\.openjfx\cache\17.0.6\api-ms-win-core-util-l1-1-0.dll
0x0000028321f10000 - 0x0000028321f13000 	C:\Users\Classic\.openjfx\cache\17.0.6\api-ms-win-crt-conio-l1-1-0.dll
0x0000028321f20000 - 0x0000028321f24000 	C:\Users\Classic\.openjfx\cache\17.0.6\api-ms-win-crt-convert-l1-1-0.dll
0x0000028321f30000 - 0x0000028321f33000 	C:\Users\Classic\.openjfx\cache\17.0.6\api-ms-win-crt-environment-l1-1-0.dll
0x0000028321f40000 - 0x0000028321f43000 	C:\Users\Classic\.openjfx\cache\17.0.6\api-ms-win-crt-filesystem-l1-1-0.dll
0x0000028321f50000 - 0x0000028321f53000 	C:\Users\Classic\.openjfx\cache\17.0.6\api-ms-win-crt-heap-l1-1-0.dll
0x0000028321f60000 - 0x0000028321f63000 	C:\Users\Classic\.openjfx\cache\17.0.6\api-ms-win-crt-locale-l1-1-0.dll
0x0000028321f70000 - 0x0000028321f75000 	C:\Users\Classic\.openjfx\cache\17.0.6\api-ms-win-crt-math-l1-1-0.dll
0x0000028321f80000 - 0x0000028321f85000 	C:\Users\Classic\.openjfx\cache\17.0.6\api-ms-win-crt-multibyte-l1-1-0.dll
0x0000028321f90000 - 0x0000028321fa0000 	C:\Users\Classic\.openjfx\cache\17.0.6\api-ms-win-crt-private-l1-1-0.dll
0x0000028321fa0000 - 0x0000028321fa3000 	C:\Users\Classic\.openjfx\cache\17.0.6\api-ms-win-crt-process-l1-1-0.dll
0x0000028321fb0000 - 0x0000028321fb4000 	C:\Users\Classic\.openjfx\cache\17.0.6\api-ms-win-crt-runtime-l1-1-0.dll
0x0000028321fc0000 - 0x0000028321fc4000 	C:\Users\Classic\.openjfx\cache\17.0.6\api-ms-win-crt-stdio-l1-1-0.dll
0x0000028321fd0000 - 0x0000028321fd4000 	C:\Users\Classic\.openjfx\cache\17.0.6\api-ms-win-crt-string-l1-1-0.dll
0x0000028321fe0000 - 0x0000028321fe3000 	C:\Users\Classic\.openjfx\cache\17.0.6\api-ms-win-crt-time-l1-1-0.dll
0x0000028321ff0000 - 0x0000028321ff3000 	C:\Users\Classic\.openjfx\cache\17.0.6\api-ms-win-crt-utility-l1-1-0.dll
0x00007ffc0df20000 - 0x00007ffc0e01c000 	C:\Users\Classic\.openjfx\cache\17.0.6\ucrtbase.dll
0x00007ffc43da0000 - 0x00007ffc43dba000 	C:\Users\Classic\.openjfx\cache\17.0.6\vcruntime140.dll
0x00007ffc43f40000 - 0x00007ffc43f4c000 	C:\Users\Classic\.openjfx\cache\17.0.6\vcruntime140_1.dll
0x00007ffc3a1a0000 - 0x00007ffc3a22d000 	C:\Users\Classic\.openjfx\cache\17.0.6\msvcp140.dll
0x00007ffc41ad0000 - 0x00007ffc41ad9000 	C:\Users\Classic\.openjfx\cache\17.0.6\msvcp140_1.dll
0x00007ffc40a90000 - 0x00007ffc40abf000 	C:\Users\Classic\.openjfx\cache\17.0.6\msvcp140_2.dll
0x00007ffc3a4a0000 - 0x00007ffc3a4ca000 	C:\Users\Classic\.openjfx\cache\17.0.6\prism_d3d.dll
0x00007ffc39f10000 - 0x00007ffc3a0de000 	C:\Windows\system32\d3d9.dll
0x00007ffc45e10000 - 0x00007ffc45e3f000 	C:\Windows\SYSTEM32\dwmapi.dll
0x00007ffc45980000 - 0x00007ffc45a1e000 	C:\Windows\system32\uxtheme.dll
0x00007ffc481d0000 - 0x00007ffc481e2000 	C:\Windows\SYSTEM32\msasn1.dll
0x00007ffc3fba0000 - 0x00007ffc3fbd1000 	C:\Windows\SYSTEM32\cryptnet.dll
0x00007ffc48760000 - 0x00007ffc488be000 	C:\Windows\System32\CRYPT32.dll
0x00007ffc47fb0000 - 0x00007ffc47fbc000 	C:\Windows\SYSTEM32\cryptbase.dll
0x00007ffc48ce0000 - 0x00007ffc48d47000 	C:\Windows\System32\WINTRUST.DLL
0x00007ffc49270000 - 0x00007ffc4928d000 	C:\Windows\System32\imagehlp.dll
0x00007ffc47f90000 - 0x00007ffc47fa8000 	C:\Windows\SYSTEM32\CRYPTSP.dll
0x00007ffc47650000 - 0x00007ffc47684000 	C:\Windows\system32\rsaenh.dll
0x00007ffc229b0000 - 0x00007ffc229f2000 	C:\Users\Classic\.openjfx\cache\17.0.6\glass.dll
0x00007ffc4ac10000 - 0x00007ffc4acea000 	C:\Windows\System32\COMDLG32.dll
0x00007ffc49610000 - 0x00007ffc4973b000 	C:\Windows\System32\ole32.dll
0x00007ffc4aaf0000 - 0x00007ffc4ac04000 	C:\Windows\System32\MSCTF.dll
0x00007ffc0b230000 - 0x00007ffc0b347000 	C:\Windows\System32\DriverStore\FileRepository\nvlt.inf_amd64_7947c31fc944635c\nvldumdx.dll
0x00007ffc3f8a0000 - 0x00007ffc3f9e7000 	C:\Windows\SYSTEM32\drvstore.dll
0x00007ffc483a0000 - 0x00007ffc483d3000 	C:\Windows\SYSTEM32\devobj.dll
0x00007ffc48650000 - 0x00007ffc4869e000 	C:\Windows\System32\cfgmgr32.dll
0x00007ffbfc580000 - 0x00007ffbfdd8a000 	C:\Windows\System32\DriverStore\FileRepository\nvlt.inf_amd64_7947c31fc944635c\nvd3dumx.dll
0x00007ffc090f0000 - 0x00007ffc0939e000 	C:\Windows\system32\nvspcap64.dll
0x00007ffc47770000 - 0x00007ffc477a3000 	C:\Windows\SYSTEM32\ntmarta.dll
0x00007ffc46e50000 - 0x00007ffc46e73000 	C:\Windows\SYSTEM32\gpapi.dll
0x00007ffc43310000 - 0x00007ffc4334b000 	C:\Windows\SYSTEM32\dxcore.dll
0x00007ffc08d20000 - 0x00007ffc08e85000 	C:\Windows\System32\DriverStore\FileRepository\iigd_dch.inf_amd64_a953cebc2f0daf9c\igdumdim64.dll
0x00007ffba7cf0000 - 0x00007ffbab97b000 	C:\Windows\System32\DriverStore\FileRepository\iigd_dch.inf_amd64_a953cebc2f0daf9c\igd9dxva64.dll
0x00007ffc49bd0000 - 0x00007ffc4a03e000 	C:\Windows\System32\SETUPAPI.dll
0x00007ffc383b0000 - 0x00007ffc386e6000 	C:\Windows\System32\DriverStore\FileRepository\iigd_dch.inf_amd64_a953cebc2f0daf9c\igdgmm64.dll
0x00007ffbefd70000 - 0x00007ffbefd97000 	C:\Windows\System32\DriverStore\FileRepository\iigd_dch.inf_amd64_a953cebc2f0daf9c\igdinfo64.dll
0x00007ffc35620000 - 0x00007ffc383af000 	C:\Windows\System32\DriverStore\FileRepository\iigd_dch.inf_amd64_a953cebc2f0daf9c\igc64.dll
0x00007ffc41230000 - 0x00007ffc41244000 	C:\Users\Classic\.openjfx\cache\17.0.6\javafx_font.dll

dbghelp: loaded successfully - version: 4.0.5 - missing functions: none
symbol engine: initialized successfully - sym options: 0x614 - pdb path: .;C:\Program Files\Java\jdk-17\bin;C:\Windows\SYSTEM32;C:\Windows\WinSxS\amd64_microsoft.windows.common-controls_6595b64144ccf1df_6.0.19041.4355_none_60b8b9eb71f62e16;C:\Program Files\Java\jdk-17\bin\server;C:\Program Files\JetBrains\IntelliJ IDEA 2024.1\bin;C:\Users\Classic\.openjfx\cache\17.0.6;C:\Windows\System32\DriverStore\FileRepository\iigd_dch.inf_amd64_a953cebc2f0daf9c;C:\Windows\System32\DriverStore\FileRepository\nvlt.inf_amd64_7947c31fc944635c;C:\Program Files\Common Files\Microsoft Shared\Ink;C:\Windows\WinSxS\amd64_microsoft.windows.gdiplus_6595b64144ccf1df_1.1.19041.4355_none_91a3acd0cc88a7e4;C:\Program Files\Microsoft OneDrive\24.111.0602.0003

VM Arguments:
jvm_args: -javaagent:C:\Program Files\JetBrains\IntelliJ IDEA 2024.1\lib\idea_rt.jar=9351:C:\Program Files\JetBrains\IntelliJ IDEA 2024.1\bin -Dfile.encoding=UTF-8 --module-path=C:\Users\Classic\.m2\repository\org\openjfx\javafx-graphics\17.0.6\javafx-graphics-17.0.6-win.jar;C:\Users\Classic\.m2\repository\org\openjfx\javafx-fxml\17.0.6\javafx-fxml-17.0.6-win.jar;C:\Users\Classic\.m2\repository\org\openjfx\javafx-base\17.0.6\javafx-base-17.0.6-win.jar;C:\Users\Classic\.m2\repository\org\openjfx\javafx-media\17.0.2\javafx-media-17.0.2-win.jar;C:\Users\Classic\IntelliJProjects\AP-P-Client\target\classes;C:\Users\Classic\.m2\repository\org\openjfx\javafx-media\17.0.2\javafx-media-17.0.2.jar;C:\Users\Classic\.m2\repository\org\openjfx\javafx-controls\17.0.6\javafx-controls-17.0.6-win.jar;C:\Users\Classic\.m2\repository\com\google\code\gson\gson\2.8.8\gson-2.8.8.jar -Djdk.module.main=org.example.appclient 
java_command: org.example.appclient/org.example.appclient.LinkedInApp
java_class_path (initial): C:\Users\Classic\.m2\repository\org\openjfx\javafx-controls\17.0.6\javafx-controls-17.0.6.jar;C:\Users\Classic\.m2\repository\org\openjfx\javafx-graphics\17.0.6\javafx-graphics-17.0.6.jar;C:\Users\Classic\.m2\repository\org\openjfx\javafx-base\17.0.6\javafx-base-17.0.6.jar;C:\Users\Classic\.m2\repository\org\openjfx\javafx-fxml\17.0.6\javafx-fxml-17.0.6.jar;C:\Users\Classic\.m2\repository\io\jsonwebtoken\jjwt-api\0.11.2\jjwt-api-0.11.2.jar;C:\Users\Classic\.m2\repository\io\jsonwebtoken\jjwt-impl\0.11.2\jjwt-impl-0.11.2.jar;C:\Users\Classic\.m2\repository\io\jsonwebtoken\jjwt-jackson\0.11.2\jjwt-jackson-0.11.2.jar;C:\Users\Classic\.m2\repository\com\fasterxml\jackson\core\jackson-databind\2.9.10.4\jackson-databind-2.9.10.4.jar;C:\Users\Classic\.m2\repository\com\fasterxml\jackson\core\jackson-annotations\2.9.10\jackson-annotations-2.9.10.jar;C:\Users\Classic\.m2\repository\com\fasterxml\jackson\core\jackson-core\2.9.10\jackson-core-2.9.10.jar;C:\Users\Classic\.m2\repository\io\jsonwebtoken\jjwt\0.9.1\jjwt-0.9.1.jar
Launcher Type: SUN_STANDARD

[Global flags]
     intx CICompilerCount                          = 4                                         {product} {ergonomic}
     uint ConcGCThreads                            = 3                                         {product} {ergonomic}
     uint G1ConcRefinementThreads                  = 10                                        {product} {ergonomic}
   size_t G1HeapRegionSize                         = 2097152                                   {product} {ergonomic}
    uintx GCDrainStackTargetSize                   = 64                                        {product} {ergonomic}
   size_t InitialHeapSize                          = 266338304                                 {product} {ergonomic}
   size_t MarkStackSize                            = 4194304                                   {product} {ergonomic}
   size_t MaxHeapSize                              = 4261412864                                {product} {ergonomic}
   size_t MaxNewSize                               = 2556428288                                {product} {ergonomic}
   size_t MinHeapDeltaBytes                        = 2097152                                   {product} {ergonomic}
   size_t MinHeapSize                              = 8388608                                   {product} {ergonomic}
    uintx NonNMethodCodeHeapSize                   = 5839372                                {pd product} {ergonomic}
    uintx NonProfiledCodeHeapSize                  = 122909434                              {pd product} {ergonomic}
    uintx ProfiledCodeHeapSize                     = 122909434                              {pd product} {ergonomic}
    uintx ReservedCodeCacheSize                    = 251658240                              {pd product} {ergonomic}
     bool SegmentedCodeCache                       = true                                      {product} {ergonomic}
   size_t SoftMaxHeapSize                          = 4261412864                             {manageable} {ergonomic}
     bool UseCompressedClassPointers               = true                           {product lp64_product} {ergonomic}
     bool UseCompressedOops                        = true                           {product lp64_product} {ergonomic}
     bool UseG1GC                                  = true                                      {product} {ergonomic}
     bool UseLargePagesIndividualAllocation        = false                                  {pd product} {ergonomic}

Logging:
Log output configuration:
 #0: stdout all=off uptime,level,tags
 #1: stderr all=off uptime,level,tags

Environment Variables:
PATH=C:\Program Files\Common Files\Oracle\Java\javapath;C:\Program Files (x86)\VMware\VMware Workstation\bin\;C:\Windows\system32;C:\Windows;C:\Windows\System32\Wbem;C:\Windows\System32\WindowsPowerShell\v1.0\;C:\Windows\System32\OpenSSH\;C:\Program Files (x86)\NVIDIA Corporation\PhysX\Common;C:\Program Files\NVIDIA Corporation\NVIDIA NvDLISR;C:\Program Files (x86)\GtkSharp\2.12\bin;C:\Program Files\Git\cmd;C:\TDM-GCC-64\bin;C:\Program Files\nodejs\;C:\Program Files\MongoDB\mongosh-2.1.1-win32-x64\bin;C:\Program Files\Java\jdk-17\bin;C:\Program Files\Cloudflare\Cloudflare WARP\;C:\Users\Classic\AppData\Local\Programs\Python\Python311\Scripts\;C:\Users\Classic\AppData\Local\Programs\Python\Python311\;C:\Users\Classic\AppData\Local\Programs\Python\Python312\Scripts\;C:\Users\Classic\AppData\Local\Programs\Python\Python312\;C:\Users\Classic\AppData\Local\Programs\Python\Python37\Scripts\;C:\Users\Classic\AppData\Local\Programs\Python\Python37\;C:\Users\Classic\AppData\Local\Microsoft\WindowsApps;C:\Users\Classic\AppData\Local\Programs\Microsoft VS Code\bin;C:\Users\Classic\AppData\Roaming\npm
USERNAME=Classic
OS=Windows_NT
PROCESSOR_IDENTIFIER=Intel64 Family 6 Model 165 Stepping 2, GenuineIntel



---------------  S Y S T E M  ---------------

OS:
 Windows 10 , 64 bit Build 19041 (10.0.19041.3636)
OS uptime: 33 days 20:03 hours

CPU: total 12 (initial active 12) (6 cores per cpu, 2 threads per core) family 6 model 165 stepping 2 microcode 0xe2, cx8, cmov, fxsr, ht, mmx, 3dnowpref, sse, sse2, sse3, ssse3, sse4.1, sse4.2, popcnt, lzcnt, tsc, tscinvbit, avx, avx2, aes, erms, clmul, bmi1, bmi2, adx, fma, vzeroupper, clflush, clflushopt

Memory: 4k page, system-wide physical 16251M (3338M free)
TotalPageFile size 25714M (AvailPageFile size 3775M)
current process WorkingSet (physical memory assigned to process): 668M, peak: 682M
current process commit charge ("private bytes"): 1313M, peak: 1381M

vm_info: Java HotSpot(TM) 64-Bit Server VM (17.0.10+11-LTS-240) for windows-amd64 JRE (17.0.10+11-LTS-240), built on Dec 19 2023 21:47:25 by "mach5one" with MS VC++ 17.1 (VS2022)

END.
